================================================================================
FETCHING EXPANDED TRAINING DATA
================================================================================

üìä PHASE 1: HIGH-FUEL CIRCUITS (2018-2024)
--------------------------------------------------------------------------------

üèÅ Singapore Grand Prix
   [1/35] Fetching 2018... core           INFO 	Loading data for Singapore Grand Prix - Race [v3.6.1]
req            INFO 	Using cached data for session_info
req            INFO 	Using cached data for driver_info
req            INFO 	Using cached data for session_status_data
req            INFO 	Using cached data for lap_count
req            INFO 	Using cached data for track_status_data
req            INFO 	Using cached data for _extended_timing_data
req            INFO 	Using cached data for timing_app_data
core           INFO 	Processing timing data...
req            INFO 	Using cached data for car_data
req            INFO 	Using cached data for position_data
req            INFO 	Using cached data for weather_data
req            INFO 	Using cached data for race_control_messages
core        WARNING 	Driver 44 completed the race distance 00:00.017000 before the recorded end of the session.
core           INFO 	Finished loading data for 20 drivers: ['44', '33', '5', '77', '7', '3', '14', '55', '16', '27', '9', '2', '10', '18', '8', '11', '28', '20', '35', '31']
   ‚úì Fetched 11754 laps from 2018 Singapore Grand Prix
‚úì (11754 laps)
   [2/35] Fetching 2019... core           INFO 	Loading data for Singapore Grand Prix - Race [v3.6.1]
req            INFO 	Using cached data for session_info
req            INFO 	Using cached data for driver_info
req            INFO 	Using cached data for session_status_data
req            INFO 	Using cached data for lap_count
req            INFO 	Using cached data for track_status_data
req            INFO 	Using cached data for _extended_timing_data
req            INFO 	Using cached data for timing_app_data
core           INFO 	Processing timing data...
req            INFO 	Using cached data for car_data
req            INFO 	Using cached data for position_data
req            INFO 	Using cached data for weather_data
req            INFO 	Using cached data for race_control_messages
core        WARNING 	Driver 5 completed the race distance 00:00.171000 before the recorded end of the session.
core           INFO 	Finished loading data for 20 drivers: ['5', '16', '33', '44', '77', '23', '4', '10', '27', '99', '8', '55', '18', '3', '26', '88', '20', '7', '11', '63']
   ‚úì Fetched 9074 laps from 2019 Singapore Grand Prix
‚úì (9074 laps)
   [3/35] Fetching 2020... events      WARNING 	Correcting user input 'Singapore Grand Prix' to 'Hungarian Grand Prix'
core           INFO 	Loading data for Hungarian Grand Prix - Race [v3.6.1]
req            INFO 	Using cached data for session_info
req            INFO 	Using cached data for driver_info
req            INFO 	Using cached data for session_status_data
req            INFO 	Using cached data for lap_count
req            INFO 	Using cached data for track_status_data
req            INFO 	Using cached data for _extended_timing_data
req            INFO 	Using cached data for timing_app_data
core           INFO 	Processing timing data...
core        WARNING 	Fixed incorrect tyre stint information for driver '20'
core        WARNING 	Fixed incorrect tyre stint information for driver '8'
req            INFO 	Using cached data for car_data
req            INFO 	Using cached data for position_data
req            INFO 	Using cached data for weather_data
req            INFO 	Using cached data for race_control_messages
core        WARNING 	Driver 44 completed the race distance 00:00.098000 before the recorded end of the session.
core           INFO 	Finished loading data for 20 drivers: ['44', '33', '77', '18', '23', '5', '11', '3', '55', '20', '16', '26', '4', '31', '7', '8', '99', '63', '6', '10']
   ‚úì Fetched 8735 laps from 2020 Singapore Grand Prix
‚úì (8735 laps)
   [4/35] Fetching 2021... events      WARNING 	Correcting user input 'Singapore Grand Prix' to 'Hungarian Grand Prix'
core           INFO 	Loading data for Hungarian Grand Prix - Race [v3.6.1]
req            INFO 	Using cached data for session_info
req            INFO 	Using cached data for driver_info
req            INFO 	Using cached data for session_status_data
req            INFO 	Using cached data for lap_count
req            INFO 	Using cached data for track_status_data
req            INFO 	Using cached data for _extended_timing_data
req            INFO 	Using cached data for timing_app_data
core           INFO 	Processing timing data...
req            INFO 	Using cached data for car_data
req            INFO 	Using cached data for position_data
req            INFO 	Using cached data for weather_data
req            INFO 	Using cached data for race_control_messages
core        WARNING 	Driver 31 completed the race distance 00:00.068000 before the recorded end of the session.
core           INFO 	Finished loading data for 20 drivers: ['31', '44', '55', '14', '10', '22', '6', '63', '33', '7', '3', '47', '99', '9', '4', '77', '11', '16', '18', '5']
   ‚úì Fetched 6992 laps from 2021 Singapore Grand Prix
‚úì (6992 laps)
   [5/35] Fetching 2022... core           INFO 	Loading data for Singapore Grand Prix - Race [v3.6.1]
req            INFO 	Using cached data for session_info
req            INFO 	Using cached data for driver_info
req            INFO 	Using cached data for session_status_data
req            INFO 	Using cached data for lap_count
req            INFO 	Using cached data for track_status_data
req            INFO 	Using cached data for _extended_timing_data
req            INFO 	Using cached data for timing_app_data
core           INFO 	Processing timing data...
req            INFO 	Using cached data for car_data
req            INFO 	Using cached data for position_data
req            INFO 	Using cached data for weather_data
req            INFO 	Using cached data for race_control_messages
core           INFO 	Finished loading data for 20 drivers: ['11', '16', '55', '4', '3', '18', '1', '5', '44', '10', '77', '20', '47', '63', '22', '31', '23', '14', '6', '24']
   ‚úì Fetched 2421 laps from 2022 Singapore Grand Prix
‚úì (2421 laps)
   [6/35] Fetching 2023... core           INFO 	Loading data for Singapore Grand Prix - Race [v3.6.1]
req            INFO 	Using cached data for session_info
req            INFO 	Using cached data for driver_info
req            INFO 	Using cached data for session_status_data
req            INFO 	Using cached data for lap_count
req            INFO 	Using cached data for track_status_data
req            INFO 	Using cached data for _extended_timing_data
req            INFO 	Using cached data for timing_app_data
core           INFO 	Processing timing data...
core        WARNING 	No lap data for driver 18
core        WARNING 	Failed to perform lap accuracy check - all laps marked as inaccurate (driver 18)
req            INFO 	Using cached data for car_data
req            INFO 	Using cached data for position_data
req            INFO 	Using cached data for weather_data
req            INFO 	Using cached data for race_control_messages
core           INFO 	Finished loading data for 20 drivers: ['55', '4', '44', '16', '1', '10', '81', '11', '40', '20', '23', '24', '27', '2', '14', '63', '77', '31', '22', '18']
   ‚úì Fetched 15084 laps from 2023 Singapore Grand Prix
‚úì (15084 laps)
   [7/35] Fetching 2024... core           INFO 	Loading data for Singapore Grand Prix - Race [v3.6.1]
req            INFO 	Using cached data for session_info
req            INFO 	Using cached data for driver_info
req            INFO 	Using cached data for session_status_data
req            INFO 	Using cached data for lap_count
req            INFO 	Using cached data for track_status_data
req            INFO 	Using cached data for _extended_timing_data
req            INFO 	Using cached data for timing_app_data
core           INFO 	Processing timing data...
req            INFO 	Using cached data for car_data
req            INFO 	Using cached data for position_data
req            INFO 	Using cached data for weather_data
req            INFO 	Using cached data for race_control_messages
core           INFO 	Finished loading data for 20 drivers: ['4', '1', '81', '63', '16', '44', '55', '14', '27', '11', '43', '22', '31', '18', '24', '77', '10', '3', '20', '23']
   ‚úì Fetched 19475 laps from 2024 Singapore Grand Prix
‚úì (19475 laps)

üèÅ Spanish Grand Prix
   [8/35] Fetching 2018... core           INFO 	Loading data for Spanish Grand Prix - Race [v3.6.1]
req            INFO 	Using cached data for session_info
req            INFO 	Using cached data for driver_info
Request for URL https://api.jolpi.ca/ergast/f1/2018/5/results.json failed; using cached response
Traceback (most recent call last):
  File "/opt/anaconda3/lib/python3.13/site-packages/urllib3/connectionpool.py", line 464, in _make_request
    self._validate_conn(conn)
    ~~~~~~~~~~~~~~~~~~~^^^^^^
  File "/opt/anaconda3/lib/python3.13/site-packages/urllib3/connectionpool.py", line 1093, in _validate_conn
    conn.connect()
    ~~~~~~~~~~~~^^
  File "/opt/anaconda3/lib/python3.13/site-packages/urllib3/connection.py", line 741, in connect
    sock_and_verified = _ssl_wrap_socket_and_match_hostname(
        sock=sock,
    ...<14 lines>...
        assert_fingerprint=self.assert_fingerprint,
    )
  File "/opt/anaconda3/lib/python3.13/site-packages/urllib3/connection.py", line 920, in _ssl_wrap_socket_and_match_hostname
    ssl_sock = ssl_wrap_socket(
        sock=sock,
    ...<8 lines>...
        tls_in_tls=tls_in_tls,
    )
  File "/opt/anaconda3/lib/python3.13/site-packages/urllib3/util/ssl_.py", line 460, in ssl_wrap_socket
    ssl_sock = _ssl_wrap_socket_impl(sock, context, tls_in_tls, server_hostname)
  File "/opt/anaconda3/lib/python3.13/site-packages/urllib3/util/ssl_.py", line 504, in _ssl_wrap_socket_impl
    return ssl_context.wrap_socket(sock, server_hostname=server_hostname)
           ~~~~~~~~~~~~~~~~~~~~~~~^^^^^^^^^^^^^^^^^^^^^^^^^^^^^^^^^^^^^^^
  File "/opt/anaconda3/lib/python3.13/ssl.py", line 455, in wrap_socket
    return self.sslsocket_class._create(
           ~~~~~~~~~~~~~~~~~~~~~~~~~~~~^
        sock=sock,
        ^^^^^^^^^^
    ...<5 lines>...
        session=session
        ^^^^^^^^^^^^^^^
    )
    ^
  File "/opt/anaconda3/lib/python3.13/ssl.py", line 1076, in _create
    self.do_handshake()
    ~~~~~~~~~~~~~~~~~^^
  File "/opt/anaconda3/lib/python3.13/ssl.py", line 1372, in do_handshake
    self._sslobj.do_handshake()
    ~~~~~~~~~~~~~~~~~~~~~~~~~^^
ssl.SSLEOFError: [SSL: UNEXPECTED_EOF_WHILE_READING] EOF occurred in violation of protocol (_ssl.c:1028)

During handling of the above exception, another exception occurred:

Traceback (most recent call last):
  File "/opt/anaconda3/lib/python3.13/site-packages/urllib3/connectionpool.py", line 787, in urlopen
    response = self._make_request(
        conn,
    ...<10 lines>...
        **response_kw,
    )
  File "/opt/anaconda3/lib/python3.13/site-packages/urllib3/connectionpool.py", line 488, in _make_request
    raise new_e
urllib3.exceptions.SSLError: [SSL: UNEXPECTED_EOF_WHILE_READING] EOF occurred in violation of protocol (_ssl.c:1028)

The above exception was the direct cause of the following exception:

Traceback (most recent call last):
  File "/opt/anaconda3/lib/python3.13/site-packages/requests/adapters.py", line 667, in send
    resp = conn.urlopen(
        method=request.method,
    ...<9 lines>...
        chunked=chunked,
    )
  File "/opt/anaconda3/lib/python3.13/site-packages/urllib3/connectionpool.py", line 841, in urlopen
    retries = retries.increment(
        method, url, error=new_e, _pool=self, _stacktrace=sys.exc_info()[2]
    )
  File "/opt/anaconda3/lib/python3.13/site-packages/urllib3/util/retry.py", line 519, in increment
    raise MaxRetryError(_pool, url, reason) from reason  # type: ignore[arg-type]
    ^^^^^^^^^^^^^^^^^^^^^^^^^^^^^^^^^^^^^^^^^^^^^^^^^^^
urllib3.exceptions.MaxRetryError: HTTPSConnectionPool(host='api.jolpi.ca', port=443): Max retries exceeded with url: /ergast/f1/2018/5/results.json (Caused by SSLError(SSLEOFError(8, '[SSL: UNEXPECTED_EOF_WHILE_READING] EOF occurred in violation of protocol (_ssl.c:1028)')))

During handling of the above exception, another exception occurred:

Traceback (most recent call last):
  File "/opt/anaconda3/lib/python3.13/site-packages/requests_cache/session.py", line 286, in _resend
    response = self._send_and_cache(request, actions, cached_response, **kwargs)
  File "/opt/anaconda3/lib/python3.13/site-packages/requests_cache/session.py", line 254, in _send_and_cache
    response = super().send(request, **kwargs)
  File "/opt/anaconda3/lib/python3.13/site-packages/fastf1/req.py", line 136, in send
    return super().send(request, **kwargs)
           ~~~~~~~~~~~~^^^^^^^^^^^^^^^^^^^
  File "/opt/anaconda3/lib/python3.13/site-packages/requests/sessions.py", line 703, in send
    r = adapter.send(request, **kwargs)
  File "/opt/anaconda3/lib/python3.13/site-packages/requests/adapters.py", line 698, in send
    raise SSLError(e, request=request)
requests.exceptions.SSLError: HTTPSConnectionPool(host='api.jolpi.ca', port=443): Max retries exceeded with url: /ergast/f1/2018/5/results.json (Caused by SSLError(SSLEOFError(8, '[SSL: UNEXPECTED_EOF_WHILE_READING] EOF occurred in violation of protocol (_ssl.c:1028)')))
req            INFO 	Using cached data for session_status_data
req            INFO 	Using cached data for lap_count
req            INFO 	Using cached data for track_status_data
req            INFO 	Using cached data for _extended_timing_data
req            INFO 	Using cached data for timing_app_data
core           INFO 	Processing timing data...
core        WARNING 	Fixed incorrect tyre stint information for driver '28'
core        WARNING 	Fixed incorrect tyre stint information for driver '35'
Request for URL https://api.jolpi.ca/ergast/f1/2018/5/laps/1.json failed; using cached response
Traceback (most recent call last):
  File "/opt/anaconda3/lib/python3.13/site-packages/urllib3/connectionpool.py", line 464, in _make_request
    self._validate_conn(conn)
    ~~~~~~~~~~~~~~~~~~~^^^^^^
  File "/opt/anaconda3/lib/python3.13/site-packages/urllib3/connectionpool.py", line 1093, in _validate_conn
    conn.connect()
    ~~~~~~~~~~~~^^
  File "/opt/anaconda3/lib/python3.13/site-packages/urllib3/connection.py", line 741, in connect
    sock_and_verified = _ssl_wrap_socket_and_match_hostname(
        sock=sock,
    ...<14 lines>...
        assert_fingerprint=self.assert_fingerprint,
    )
  File "/opt/anaconda3/lib/python3.13/site-packages/urllib3/connection.py", line 920, in _ssl_wrap_socket_and_match_hostname
    ssl_sock = ssl_wrap_socket(
        sock=sock,
    ...<8 lines>...
        tls_in_tls=tls_in_tls,
    )
  File "/opt/anaconda3/lib/python3.13/site-packages/urllib3/util/ssl_.py", line 460, in ssl_wrap_socket
    ssl_sock = _ssl_wrap_socket_impl(sock, context, tls_in_tls, server_hostname)
  File "/opt/anaconda3/lib/python3.13/site-packages/urllib3/util/ssl_.py", line 504, in _ssl_wrap_socket_impl
    return ssl_context.wrap_socket(sock, server_hostname=server_hostname)
           ~~~~~~~~~~~~~~~~~~~~~~~^^^^^^^^^^^^^^^^^^^^^^^^^^^^^^^^^^^^^^^
  File "/opt/anaconda3/lib/python3.13/ssl.py", line 455, in wrap_socket
    return self.sslsocket_class._create(
           ~~~~~~~~~~~~~~~~~~~~~~~~~~~~^
        sock=sock,
        ^^^^^^^^^^
    ...<5 lines>...
        session=session
        ^^^^^^^^^^^^^^^
    )
    ^
  File "/opt/anaconda3/lib/python3.13/ssl.py", line 1076, in _create
    self.do_handshake()
    ~~~~~~~~~~~~~~~~~^^
  File "/opt/anaconda3/lib/python3.13/ssl.py", line 1372, in do_handshake
    self._sslobj.do_handshake()
    ~~~~~~~~~~~~~~~~~~~~~~~~~^^
ssl.SSLEOFError: [SSL: UNEXPECTED_EOF_WHILE_READING] EOF occurred in violation of protocol (_ssl.c:1028)

During handling of the above exception, another exception occurred:

Traceback (most recent call last):
  File "/opt/anaconda3/lib/python3.13/site-packages/urllib3/connectionpool.py", line 787, in urlopen
    response = self._make_request(
        conn,
    ...<10 lines>...
        **response_kw,
    )
  File "/opt/anaconda3/lib/python3.13/site-packages/urllib3/connectionpool.py", line 488, in _make_request
    raise new_e
urllib3.exceptions.SSLError: [SSL: UNEXPECTED_EOF_WHILE_READING] EOF occurred in violation of protocol (_ssl.c:1028)

The above exception was the direct cause of the following exception:

Traceback (most recent call last):
  File "/opt/anaconda3/lib/python3.13/site-packages/requests/adapters.py", line 667, in send
    resp = conn.urlopen(
        method=request.method,
    ...<9 lines>...
        chunked=chunked,
    )
  File "/opt/anaconda3/lib/python3.13/site-packages/urllib3/connectionpool.py", line 841, in urlopen
    retries = retries.increment(
        method, url, error=new_e, _pool=self, _stacktrace=sys.exc_info()[2]
    )
  File "/opt/anaconda3/lib/python3.13/site-packages/urllib3/util/retry.py", line 519, in increment
    raise MaxRetryError(_pool, url, reason) from reason  # type: ignore[arg-type]
    ^^^^^^^^^^^^^^^^^^^^^^^^^^^^^^^^^^^^^^^^^^^^^^^^^^^
urllib3.exceptions.MaxRetryError: HTTPSConnectionPool(host='api.jolpi.ca', port=443): Max retries exceeded with url: /ergast/f1/2018/5/laps/1.json (Caused by SSLError(SSLEOFError(8, '[SSL: UNEXPECTED_EOF_WHILE_READING] EOF occurred in violation of protocol (_ssl.c:1028)')))

During handling of the above exception, another exception occurred:

Traceback (most recent call last):
  File "/opt/anaconda3/lib/python3.13/site-packages/requests_cache/session.py", line 286, in _resend
    response = self._send_and_cache(request, actions, cached_response, **kwargs)
  File "/opt/anaconda3/lib/python3.13/site-packages/requests_cache/session.py", line 254, in _send_and_cache
    response = super().send(request, **kwargs)
  File "/opt/anaconda3/lib/python3.13/site-packages/fastf1/req.py", line 136, in send
    return super().send(request, **kwargs)
           ~~~~~~~~~~~~^^^^^^^^^^^^^^^^^^^
  File "/opt/anaconda3/lib/python3.13/site-packages/requests/sessions.py", line 703, in send
    r = adapter.send(request, **kwargs)
  File "/opt/anaconda3/lib/python3.13/site-packages/requests/adapters.py", line 698, in send
    raise SSLError(e, request=request)
requests.exceptions.SSLError: HTTPSConnectionPool(host='api.jolpi.ca', port=443): Max retries exceeded with url: /ergast/f1/2018/5/laps/1.json (Caused by SSLError(SSLEOFError(8, '[SSL: UNEXPECTED_EOF_WHILE_READING] EOF occurred in violation of protocol (_ssl.c:1028)')))
req            INFO 	Using cached data for car_data
req            INFO 	Using cached data for position_data
req            INFO 	Using cached data for weather_data
req            INFO 	Using cached data for race_control_messages
core        WARNING 	Driver 44 completed the race distance 00:00.017000 before the recorded end of the session.
core           INFO 	Finished loading data for 20 drivers: ['44', '77', '33', '5', '3', '20', '55', '14', '11', '16', '18', '28', '9', '35', '2', '31', '7', '8', '10', '27']
   ‚úì Fetched 7503 laps from 2018 Spanish Grand Prix
‚úì (7503 laps)
   [9/35] Fetching 2019... core           INFO 	Loading data for Spanish Grand Prix - Race [v3.6.1]
req            INFO 	Using cached data for session_info
req            INFO 	Using cached data for driver_info
req            INFO 	Using cached data for session_status_data
req            INFO 	Using cached data for lap_count
req            INFO 	Using cached data for track_status_data
req            INFO 	Using cached data for _extended_timing_data
req            INFO 	Using cached data for timing_app_data
core           INFO 	Processing timing data...
req            INFO 	No cached data found for car_data. Loading data...
_api           INFO 	Fetching car data...
_api           INFO 	Parsing car data...
req            INFO 	Data has been written to cache!
req            INFO 	No cached data found for position_data. Loading data...
_api           INFO 	Fetching position data...
_api           INFO 	Parsing position data...
req            INFO 	Data has been written to cache!
req            INFO 	No cached data found for weather_data. Loading data...
_api           INFO 	Fetching weather data...
req            INFO 	Data has been written to cache!
req            INFO 	No cached data found for race_control_messages. Loading data...
_api           INFO 	Fetching race control messages...
req            INFO 	Data has been written to cache!
core        WARNING 	Driver 44 completed the race distance 00:00.059000 before the recorded end of the session.
core           INFO 	Finished loading data for 20 drivers: ['44', '77', '33', '5', '16', '10', '20', '55', '26', '8', '23', '3', '27', '7', '11', '99', '63', '88', '18', '4']
   ‚úì Fetched 9511 laps from 2019 Spanish Grand Prix
‚úì (9511 laps)
   [10/35] Fetching 2020... core           INFO 	Loading data for Spanish Grand Prix - Race [v3.6.1]
req            INFO 	No cached data found for session_info. Loading data...
_api           INFO 	Fetching session info data...
req            INFO 	Data has been written to cache!
req            INFO 	No cached data found for driver_info. Loading data...
_api           INFO 	Fetching driver list...
req            INFO 	Data has been written to cache!
req            INFO 	No cached data found for session_status_data. Loading data...
_api           INFO 	Fetching session status data...
req            INFO 	Data has been written to cache!
req            INFO 	No cached data found for lap_count. Loading data...
_api           INFO 	Fetching lap count data...
req            INFO 	Data has been written to cache!
req            INFO 	No cached data found for track_status_data. Loading data...
_api           INFO 	Fetching track status data...
req            INFO 	Data has been written to cache!
req            INFO 	No cached data found for _extended_timing_data. Loading data...
_api           INFO 	Fetching timing data...
_api           INFO 	Parsing timing data...
req            INFO 	Data has been written to cache!
req            INFO 	No cached data found for timing_app_data. Loading data...
_api           INFO 	Fetching timing app data...
req            INFO 	Data has been written to cache!
core           INFO 	Processing timing data...
req            INFO 	No cached data found for car_data. Loading data...
_api           INFO 	Fetching car data...
_api           INFO 	Parsing car data...
req            INFO 	Data has been written to cache!
req            INFO 	No cached data found for position_data. Loading data...
_api           INFO 	Fetching position data...
_api           INFO 	Parsing position data...
req            INFO 	Data has been written to cache!
req            INFO 	No cached data found for weather_data. Loading data...
_api           INFO 	Fetching weather data...
req            INFO 	Data has been written to cache!
req            INFO 	No cached data found for race_control_messages. Loading data...
_api           INFO 	Fetching race control messages...
req            INFO 	Data has been written to cache!
core        WARNING 	Driver 44 completed the race distance 00:00.071000 before the recorded end of the session.
core           INFO 	Finished loading data for 20 drivers: ['44', '33', '77', '18', '11', '55', '5', '23', '10', '4', '3', '26', '31', '7', '20', '99', '63', '6', '8', '16']
   ‚úì Fetched 3577 laps from 2020 Spanish Grand Prix
‚úì (3577 laps)
   [11/35] Fetching 2021... core           INFO 	Loading data for Spanish Grand Prix - Race [v3.6.1]
req            INFO 	No cached data found for session_info. Loading data...
_api           INFO 	Fetching session info data...
req            INFO 	Data has been written to cache!
req            INFO 	No cached data found for driver_info. Loading data...
_api           INFO 	Fetching driver list...
req            INFO 	Data has been written to cache!
req            INFO 	No cached data found for session_status_data. Loading data...
_api           INFO 	Fetching session status data...
req            INFO 	Data has been written to cache!
req            INFO 	No cached data found for lap_count. Loading data...
_api           INFO 	Fetching lap count data...
req            INFO 	Data has been written to cache!
req            INFO 	No cached data found for track_status_data. Loading data...
_api           INFO 	Fetching track status data...
req            INFO 	Data has been written to cache!
req            INFO 	No cached data found for _extended_timing_data. Loading data...
_api           INFO 	Fetching timing data...
_api           INFO 	Parsing timing data...
_api        WARNING 	Driver 55: Ignoring late data for a previously processed lap.The data may contain errors (previous: 28; current 29)
_api        WARNING 	Driver 22: Ignoring late data for a previously processed lap.The data may contain errors (previous: 2; current 3)
req            INFO 	Data has been written to cache!
req            INFO 	No cached data found for timing_app_data. Loading data...
_api           INFO 	Fetching timing app data...
req            INFO 	Data has been written to cache!
core           INFO 	Processing timing data...
req            INFO 	No cached data found for car_data. Loading data...
_api           INFO 	Fetching car data...
_api           INFO 	Parsing car data...
req            INFO 	Data has been written to cache!
req            INFO 	No cached data found for position_data. Loading data...
_api           INFO 	Fetching position data...
_api           INFO 	Parsing position data...
_api        WARNING 	Driver 241: Position data is incomplete!
_api        WARNING 	Driver 242: Position data is incomplete!
_api        WARNING 	Driver 243: Position data is incomplete!
req            INFO 	Data has been written to cache!
req            INFO 	No cached data found for weather_data. Loading data...
_api           INFO 	Fetching weather data...
req            INFO 	Data has been written to cache!
req            INFO 	No cached data found for race_control_messages. Loading data...
_api           INFO 	Fetching race control messages...
req            INFO 	Data has been written to cache!
core        WARNING 	Driver 44 completed the race distance 00:00.083000 before the recorded end of the session.
core           INFO 	Finished loading data for 20 drivers: ['44', '33', '77', '16', '11', '3', '55', '4', '31', '10', '18', '7', '5', '63', '99', '6', '14', '47', '9', '22']
   ‚úì Fetched 4099 laps from 2021 Spanish Grand Prix
‚úì (4099 laps)
   [12/35] Fetching 2022... core           INFO 	Loading data for Spanish Grand Prix - Race [v3.6.1]
req            INFO 	Using cached data for session_info
req            INFO 	Using cached data for driver_info
req            INFO 	Using cached data for session_status_data
req            INFO 	Using cached data for lap_count
req            INFO 	Using cached data for track_status_data
req            INFO 	Using cached data for _extended_timing_data
req            INFO 	Using cached data for timing_app_data
core           INFO 	Processing timing data...
req            INFO 	Using cached data for car_data
req            INFO 	Using cached data for position_data
req            INFO 	Using cached data for weather_data
req            INFO 	Using cached data for race_control_messages
core           INFO 	Finished loading data for 20 drivers: ['1', '11', '63', '55', '44', '77', '31', '4', '14', '22', '5', '3', '10', '47', '18', '6', '20', '23', '24', '16']
   ‚úì Fetched 12056 laps from 2022 Spanish Grand Prix
‚úì (12056 laps)
   [13/35] Fetching 2023... core           INFO 	Loading data for Spanish Grand Prix - Race [v3.6.1]
req            INFO 	Using cached data for session_info
req            INFO 	Using cached data for driver_info
req            INFO 	Using cached data for session_status_data
req            INFO 	Using cached data for lap_count
req            INFO 	Using cached data for track_status_data
req            INFO 	Using cached data for _extended_timing_data
req            INFO 	Using cached data for timing_app_data
core           INFO 	Processing timing data...
req            INFO 	Using cached data for car_data
req            INFO 	Using cached data for position_data
req            INFO 	Using cached data for weather_data
req            INFO 	Using cached data for race_control_messages
core        WARNING 	Driver 1 completed the race distance 00:00.037000 before the recorded end of the session.
core           INFO 	Finished loading data for 20 drivers: ['1', '44', '63', '11', '55', '18', '14', '31', '24', '10', '16', '22', '81', '21', '27', '23', '4', '20', '77', '2']
   ‚úì Fetched 18653 laps from 2023 Spanish Grand Prix
‚úì (18653 laps)
   [14/35] Fetching 2024... core           INFO 	Loading data for Spanish Grand Prix - Race [v3.6.1]
req            INFO 	No cached data found for session_info. Loading data...
_api           INFO 	Fetching session info data...
req            INFO 	Data has been written to cache!
req            INFO 	No cached data found for driver_info. Loading data...
_api           INFO 	Fetching driver list...
req            INFO 	Data has been written to cache!
req            INFO 	No cached data found for session_status_data. Loading data...
_api           INFO 	Fetching session status data...
req            INFO 	Data has been written to cache!
req            INFO 	No cached data found for lap_count. Loading data...
_api           INFO 	Fetching lap count data...
req            INFO 	Data has been written to cache!
req            INFO 	No cached data found for track_status_data. Loading data...
_api           INFO 	Fetching track status data...
req            INFO 	Data has been written to cache!
req            INFO 	No cached data found for _extended_timing_data. Loading data...
_api           INFO 	Fetching timing data...
_api           INFO 	Parsing timing data...
req            INFO 	Data has been written to cache!
req            INFO 	No cached data found for timing_app_data. Loading data...
_api           INFO 	Fetching timing app data...
req            INFO 	Data has been written to cache!
core           INFO 	Processing timing data...
req            INFO 	No cached data found for car_data. Loading data...
_api           INFO 	Fetching car data...
_api           INFO 	Parsing car data...
req            INFO 	Data has been written to cache!
req            INFO 	No cached data found for position_data. Loading data...
_api           INFO 	Fetching position data...
_api           INFO 	Parsing position data...
req            INFO 	Data has been written to cache!
req            INFO 	No cached data found for weather_data. Loading data...
_api           INFO 	Fetching weather data...
req            INFO 	Data has been written to cache!
req            INFO 	No cached data found for race_control_messages. Loading data...
_api           INFO 	Fetching race control messages...
req            INFO 	Data has been written to cache!
core        WARNING 	Driver 1 completed the race distance 00:00.015000 before the recorded end of the session.
core           INFO 	Finished loading data for 20 drivers: ['1', '4', '44', '63', '16', '55', '81', '11', '10', '31', '27', '14', '24', '18', '3', '77', '20', '23', '22', '2']
   ‚úì Fetched 19696 laps from 2024 Spanish Grand Prix
‚úì (19696 laps)

üèÅ Bahrain Grand Prix
   [15/35] Fetching 2018... core           INFO 	Loading data for Bahrain Grand Prix - Race [v3.6.1]
req            INFO 	No cached data found for session_info. Loading data...
_api           INFO 	Fetching session info data...
req            INFO 	Data has been written to cache!
req            INFO 	No cached data found for driver_info. Loading data...
_api           INFO 	Fetching driver list...
req            INFO 	Data has been written to cache!
req            INFO 	No cached data found for session_status_data. Loading data...
_api           INFO 	Fetching session status data...
req            INFO 	Data has been written to cache!
req            INFO 	No cached data found for lap_count. Loading data...
_api           INFO 	Fetching lap count data...
req            INFO 	Data has been written to cache!
req            INFO 	No cached data found for track_status_data. Loading data...
_api           INFO 	Fetching track status data...
req            INFO 	Data has been written to cache!
req            INFO 	No cached data found for _extended_timing_data. Loading data...
_api           INFO 	Fetching timing data...
_api           INFO 	Parsing timing data...
_api        WARNING 	Failed to align laps for drivers: ['3', '33']
req            INFO 	Data has been written to cache!
req            INFO 	No cached data found for timing_app_data. Loading data...
_api           INFO 	Fetching timing app data...
req            INFO 	Data has been written to cache!
core           INFO 	Processing timing data...
req            INFO 	No cached data found for car_data. Loading data...
_api           INFO 	Fetching car data...
core        WARNING 	Car telemetry data is unavailable!
req            INFO 	No cached data found for position_data. Loading data...
_api           INFO 	Fetching position data...
core        WARNING 	Car position data is unavailable!
core        WARNING 	Failed to determine `Session.t0_date`!
logger      WARNING 	Failed to load telemetry data!
req            INFO 	No cached data found for weather_data. Loading data...
_api           INFO 	Fetching weather data...
req            INFO 	Data has been written to cache!
req            INFO 	No cached data found for race_control_messages. Loading data...
_api           INFO 	Fetching race control messages...
req            INFO 	Data has been written to cache!
core           INFO 	Finished loading data for 20 drivers: ['5', '77', '44', '10', '20', '27', '14', '2', '9', '31', '55', '16', '8', '18', '35', '11', '28', '7', '33', '3']
   ‚ö†Ô∏è  No telemetry data for 2018 Bahrain Grand Prix
‚úó (no data)
   [16/35] Fetching 2019... core           INFO 	Loading data for Bahrain Grand Prix - Race [v3.6.1]
req            INFO 	No cached data found for session_info. Loading data...
_api           INFO 	Fetching session info data...
req            INFO 	Data has been written to cache!
req            INFO 	No cached data found for driver_info. Loading data...
_api           INFO 	Fetching driver list...
req            INFO 	Data has been written to cache!
req            INFO 	No cached data found for session_status_data. Loading data...
_api           INFO 	Fetching session status data...
req            INFO 	Data has been written to cache!
req            INFO 	No cached data found for lap_count. Loading data...
_api           INFO 	Fetching lap count data...
req            INFO 	Data has been written to cache!
req            INFO 	No cached data found for track_status_data. Loading data...
_api           INFO 	Fetching track status data...
req            INFO 	Data has been written to cache!
req            INFO 	No cached data found for _extended_timing_data. Loading data...
_api           INFO 	Fetching timing data...
_api           INFO 	Parsing timing data...
req            INFO 	Data has been written to cache!
req            INFO 	No cached data found for timing_app_data. Loading data...
_api           INFO 	Fetching timing app data...
req            INFO 	Data has been written to cache!
core           INFO 	Processing timing data...
req            INFO 	No cached data found for car_data. Loading data...
_api           INFO 	Fetching car data...
_api           INFO 	Parsing car data...
req            INFO 	Data has been written to cache!
req            INFO 	No cached data found for position_data. Loading data...
_api           INFO 	Fetching position data...
_api           INFO 	Parsing position data...
req            INFO 	Data has been written to cache!
req            INFO 	No cached data found for weather_data. Loading data...
_api           INFO 	Fetching weather data...
req            INFO 	Data has been written to cache!
req            INFO 	No cached data found for race_control_messages. Loading data...
_api           INFO 	Fetching race control messages...
req            INFO 	Data has been written to cache!
core        WARNING 	Driver 44 completed the race distance 00:00.070000 before the recorded end of the session.
core           INFO 	Finished loading data for 20 drivers: ['44', '77', '16', '33', '5', '4', '7', '10', '23', '11', '99', '26', '20', '18', '63', '88', '27', '3', '55', '8']
   ‚úì Fetched 14325 laps from 2019 Bahrain Grand Prix
‚úì (14325 laps)
   [17/35] Fetching 2020... logger      WARNING 	Failed to load schedule from FastF1 backend!
req            INFO 	No cached data found for season_schedule. Loading data...
_api           INFO 	Fetching season schedule...
req            INFO 	Data has been written to cache!
events      WARNING 	Correcting user input 'Bahrain Grand Prix' to 'Bahrain Grand Prix'
core           INFO 	Loading data for Bahrain Grand Prix - Race [v3.6.1]
req            INFO 	No cached data found for session_info. Loading data...
_api           INFO 	Fetching session info data...
req            INFO 	Data has been written to cache!
req            INFO 	No cached data found for driver_info. Loading data...
_api           INFO 	Fetching driver list...
req            INFO 	Data has been written to cache!
req            INFO 	No cached data found for session_status_data. Loading data...
_api           INFO 	Fetching session status data...
req            INFO 	Data has been written to cache!
req            INFO 	No cached data found for lap_count. Loading data...
_api           INFO 	Fetching lap count data...
req            INFO 	Data has been written to cache!
req            INFO 	No cached data found for track_status_data. Loading data...
_api           INFO 	Fetching track status data...
req            INFO 	Data has been written to cache!
req            INFO 	No cached data found for _extended_timing_data. Loading data...
_api           INFO 	Fetching timing data...
_api           INFO 	Parsing timing data...
_api        WARNING 	Driver 55: Encountered 1 timing integrity error(s) near lap(s): [48].
This might be a bug and should be reported.
_api        WARNING 	Failed to align laps for drivers: ['18']
req            INFO 	Data has been written to cache!
req            INFO 	No cached data found for timing_app_data. Loading data...
_api           INFO 	Fetching timing app data...
req            INFO 	Data has been written to cache!
core           INFO 	Processing timing data...
req            INFO 	No cached data found for car_data. Loading data...
_api           INFO 	Fetching car data...
logger      WARNING 	Failed to load telemetry data!
req            INFO 	No cached data found for weather_data. Loading data...
_api           INFO 	Fetching weather data...
req            INFO 	Data has been written to cache!
req            INFO 	No cached data found for race_control_messages. Loading data...
_api           INFO 	Fetching race control messages...
req            INFO 	Data has been written to cache!
core           INFO 	Finished loading data for 20 drivers: ['44', '33', '23', '4', '55', '10', '3', '77', '31', '16', '26', '63', '5', '6', '7', '99', '20', '11', '18', '8']
   ‚ö†Ô∏è  No telemetry data for 2020 Bahrain Grand Prix
‚úó (no data)
   [18/35] Fetching 2021... core           INFO 	Loading data for Bahrain Grand Prix - Race [v3.6.1]
req            INFO 	No cached data found for session_info. Loading data...
_api           INFO 	Fetching session info data...
req            INFO 	Data has been written to cache!
req            INFO 	No cached data found for driver_info. Loading data...
_api           INFO 	Fetching driver list...
req            INFO 	Data has been written to cache!
logger      WARNING 	Failed to load result data from Ergast!
core        WARNING 	No result data for this session available on Ergast! (This is expected for recent sessions)
req            INFO 	No cached data found for session_status_data. Loading data...
_api           INFO 	Fetching session status data...
req            INFO 	Data has been written to cache!
req            INFO 	No cached data found for lap_count. Loading data...
_api           INFO 	Fetching lap count data...
req            INFO 	Data has been written to cache!
req            INFO 	No cached data found for track_status_data. Loading data...
_api           INFO 	Fetching track status data...
req            INFO 	Data has been written to cache!
req            INFO 	No cached data found for _extended_timing_data. Loading data...
_api           INFO 	Fetching timing data...
_api           INFO 	Parsing timing data...
req            INFO 	Data has been written to cache!
req            INFO 	No cached data found for timing_app_data. Loading data...
_api           INFO 	Fetching timing app data...
req            INFO 	Data has been written to cache!
core           INFO 	Processing timing data...
core        WARNING 	Fixed incorrect tyre stint information for driver '11'
req            INFO 	No cached data found for car_data. Loading data...
_api           INFO 	Fetching car data...
_api           INFO 	Parsing car data...
req            INFO 	Data has been written to cache!
req            INFO 	No cached data found for position_data. Loading data...
_api           INFO 	Fetching position data...
_api           INFO 	Parsing position data...
req            INFO 	Data has been written to cache!
req            INFO 	No cached data found for weather_data. Loading data...
_api           INFO 	Fetching weather data...
req            INFO 	Data has been written to cache!
req            INFO 	No cached data found for race_control_messages. Loading data...
_api           INFO 	Fetching race control messages...
req            INFO 	Data has been written to cache!
core        WARNING 	Driver 44 completed the race distance 00:00.067000 before the recorded end of the session.
core           INFO 	Finished loading data for 20 drivers: ['44', '33', '77', '4', '11', '16', '3', '55', '22', '18', '7', '99', '31', '63', '5', '47', '10', '6', '14', '9']
   ‚úì Fetched 12801 laps from 2021 Bahrain Grand Prix
‚úì (12801 laps)
   [19/35] Fetching 2022... core           INFO 	Loading data for Bahrain Grand Prix - Race [v3.6.1]
req            INFO 	Using cached data for session_info
req            INFO 	Using cached data for driver_info
req            INFO 	Using cached data for session_status_data
req            INFO 	Using cached data for lap_count
req            INFO 	Using cached data for track_status_data
req            INFO 	Using cached data for _extended_timing_data
req            INFO 	Using cached data for timing_app_data
core           INFO 	Processing timing data...
req            INFO 	Using cached data for car_data
req            INFO 	Using cached data for position_data
req            INFO 	Using cached data for weather_data
req            INFO 	Using cached data for race_control_messages
core        WARNING 	Driver 16 completed the race distance 00:00.050000 before the recorded end of the session.
core           INFO 	Finished loading data for 20 drivers: ['16', '55', '44', '63', '20', '77', '31', '22', '14', '24', '47', '18', '23', '3', '4', '6', '27', '11', '1', '10']
   ‚úì Fetched 12278 laps from 2022 Bahrain Grand Prix
‚úì (12278 laps)
   [20/35] Fetching 2023... core           INFO 	Loading data for Bahrain Grand Prix - Race [v3.6.1]
req            INFO 	Using cached data for session_info
req            INFO 	Using cached data for driver_info
req            INFO 	Using cached data for session_status_data
req            INFO 	Using cached data for lap_count
req            INFO 	Using cached data for track_status_data
req            INFO 	Using cached data for _extended_timing_data
req            INFO 	Using cached data for timing_app_data
core           INFO 	Processing timing data...
req            INFO 	Using cached data for car_data
req            INFO 	Using cached data for position_data
req            INFO 	Using cached data for weather_data
req            INFO 	Using cached data for race_control_messages
core           INFO 	Finished loading data for 20 drivers: ['1', '11', '14', '55', '44', '18', '63', '77', '10', '23', '22', '2', '20', '21', '27', '24', '4', '31', '16', '81']
   ‚úì Fetched 13008 laps from 2023 Bahrain Grand Prix
‚úì (13008 laps)
   [21/35] Fetching 2024... core           INFO 	Loading data for Bahrain Grand Prix - Race [v3.6.1]
req            INFO 	No cached data found for session_info. Loading data...
_api           INFO 	Fetching session info data...
req            INFO 	Data has been written to cache!
req            INFO 	No cached data found for driver_info. Loading data...
_api           INFO 	Fetching driver list...
req            INFO 	Data has been written to cache!
req            INFO 	No cached data found for session_status_data. Loading data...
_api           INFO 	Fetching session status data...
req            INFO 	Data has been written to cache!
req            INFO 	No cached data found for lap_count. Loading data...
_api           INFO 	Fetching lap count data...
req            INFO 	Data has been written to cache!
req            INFO 	No cached data found for track_status_data. Loading data...
_api           INFO 	Fetching track status data...
req            INFO 	Data has been written to cache!
req            INFO 	No cached data found for _extended_timing_data. Loading data...
_api           INFO 	Fetching timing data...
_api           INFO 	Parsing timing data...
req            INFO 	Data has been written to cache!
req            INFO 	No cached data found for timing_app_data. Loading data...
_api           INFO 	Fetching timing app data...
req            INFO 	Data has been written to cache!
core           INFO 	Processing timing data...
req            INFO 	No cached data found for car_data. Loading data...
_api           INFO 	Fetching car data...
_api           INFO 	Parsing car data...
req            INFO 	Data has been written to cache!
req            INFO 	No cached data found for position_data. Loading data...
_api           INFO 	Fetching position data...
_api           INFO 	Parsing position data...
req            INFO 	Data has been written to cache!
req            INFO 	No cached data found for weather_data. Loading data...
_api           INFO 	Fetching weather data...
req            INFO 	Data has been written to cache!
req            INFO 	No cached data found for race_control_messages. Loading data...
_api           INFO 	Fetching race control messages...
req            INFO 	Data has been written to cache!
core           INFO 	Finished loading data for 20 drivers: ['1', '11', '55', '16', '63', '4', '44', '81', '14', '18', '24', '20', '3', '22', '23', '27', '31', '10', '77', '2']
   ‚úì Fetched 17842 laps from 2024 Bahrain Grand Prix
‚úì (17842 laps)

üèÅ Canadian Grand Prix
   [22/35] Fetching 2018... core           INFO 	Loading data for Canadian Grand Prix - Race [v3.6.1]
req            INFO 	No cached data found for session_info. Loading data...
_api           INFO 	Fetching session info data...
req            INFO 	Data has been written to cache!
req            INFO 	No cached data found for driver_info. Loading data...
_api           INFO 	Fetching driver list...
req            INFO 	Data has been written to cache!
req            INFO 	No cached data found for session_status_data. Loading data...
_api           INFO 	Fetching session status data...
req            INFO 	Data has been written to cache!
req            INFO 	No cached data found for lap_count. Loading data...
_api           INFO 	Fetching lap count data...
req            INFO 	Data has been written to cache!
req            INFO 	No cached data found for track_status_data. Loading data...
_api           INFO 	Fetching track status data...
req            INFO 	Data has been written to cache!
req            INFO 	No cached data found for _extended_timing_data. Loading data...
_api           INFO 	Fetching timing data...
_api           INFO 	Parsing timing data...
_api        WARNING 	Driver  5: Ignoring late data for a previously processed lap.The data may contain errors (previous: 69; current 70)
_api        WARNING 	Driver  5: Ignoring late data for a previously processed lap.The data may contain errors (previous: 68; current 70)
_api        WARNING 	Driver 77: Ignoring late data for a previously processed lap.The data may contain errors (previous: 69; current 70)
_api        WARNING 	Driver 77: Ignoring late data for a previously processed lap.The data may contain errors (previous: 68; current 70)
_api        WARNING 	Driver 33: Ignoring late data for a previously processed lap.The data may contain errors (previous: 69; current 70)
_api        WARNING 	Driver 33: Ignoring late data for a previously processed lap.The data may contain errors (previous: 68; current 70)
_api        WARNING 	Driver 44: Ignoring late data for a previously processed lap.The data may contain errors (previous: 69; current 70)
_api        WARNING 	Driver 44: Ignoring late data for a previously processed lap.The data may contain errors (previous: 68; current 70)
_api        WARNING 	Driver  7: Ignoring late data for a previously processed lap.The data may contain errors (previous: 69; current 70)
_api        WARNING 	Driver  7: Ignoring late data for a previously processed lap.The data may contain errors (previous: 68; current 70)
_api        WARNING 	Driver  3: Ignoring late data for a previously processed lap.The data may contain errors (previous: 69; current 70)
_api        WARNING 	Driver  3: Ignoring late data for a previously processed lap.The data may contain errors (previous: 68; current 70)
_api        WARNING 	Driver 27: Ignoring late data for a previously processed lap.The data may contain errors (previous: 68; current 69)
_api        WARNING 	Driver 27: Ignoring late data for a previously processed lap.The data may contain errors (previous: 67; current 69)
_api        WARNING 	Driver 31: Ignoring late data for a previously processed lap.The data may contain errors (previous: 68; current 69)
_api        WARNING 	Driver 31: Ignoring late data for a previously processed lap.The data may contain errors (previous: 67; current 69)
_api        WARNING 	Driver 55: Ignoring late data for a previously processed lap.The data may contain errors (previous: 68; current 69)
_api        WARNING 	Driver 55: Ignoring late data for a previously processed lap.The data may contain errors (previous: 67; current 69)
_api        WARNING 	Driver 11: Ignoring late data for a previously processed lap.The data may contain errors (previous: 68; current 69)
_api        WARNING 	Driver 11: Ignoring late data for a previously processed lap.The data may contain errors (previous: 67; current 69)
_api        WARNING 	Driver 20: Ignoring late data for a previously processed lap.The data may contain errors (previous: 68; current 69)
_api        WARNING 	Driver 20: Ignoring late data for a previously processed lap.The data may contain errors (previous: 67; current 69)
_api        WARNING 	Driver 16: Ignoring late data for a previously processed lap.The data may contain errors (previous: 68; current 69)
_api        WARNING 	Driver 16: Ignoring late data for a previously processed lap.The data may contain errors (previous: 67; current 69)
_api        WARNING 	Driver  2: Ignoring late data for a previously processed lap.The data may contain errors (previous: 67; current 68)
_api        WARNING 	Driver  2: Ignoring late data for a previously processed lap.The data may contain errors (previous: 66; current 68)
_api        WARNING 	Driver 35: Ignoring late data for a previously processed lap.The data may contain errors (previous: 67; current 68)
_api        WARNING 	Driver 35: Ignoring late data for a previously processed lap.The data may contain errors (previous: 66; current 68)
_api        WARNING 	Driver  9: Ignoring late data for a previously processed lap.The data may contain errors (previous: 67; current 68)
_api        WARNING 	Driver  9: Ignoring late data for a previously processed lap.The data may contain errors (previous: 66; current 68)
_api        WARNING 	Driver 10: Ignoring late data for a previously processed lap.The data may contain errors (previous: 68; current 69)
_api        WARNING 	Driver 10: Ignoring late data for a previously processed lap.The data may contain errors (previous: 67; current 69)
_api        WARNING 	Driver  8: Ignoring late data for a previously processed lap.The data may contain errors (previous: 68; current 69)
_api        WARNING 	Driver  8: Ignoring late data for a previously processed lap.The data may contain errors (previous: 67; current 69)
req            INFO 	Data has been written to cache!
req            INFO 	No cached data found for timing_app_data. Loading data...
_api           INFO 	Fetching timing app data...
req            INFO 	Data has been written to cache!
core           INFO 	Processing timing data...
core        WARNING 	Fixed incorrect tyre stint information for driver '9'
core        WARNING 	Fixed incorrect tyre stint information for driver '2'
req            INFO 	No cached data found for car_data. Loading data...
_api           INFO 	Fetching car data...
_api           INFO 	Parsing car data...
req            INFO 	Data has been written to cache!
req            INFO 	No cached data found for position_data. Loading data...
_api           INFO 	Fetching position data...
_api           INFO 	Parsing position data...
req            INFO 	Data has been written to cache!
req            INFO 	No cached data found for weather_data. Loading data...
_api           INFO 	Fetching weather data...
req            INFO 	Data has been written to cache!
req            INFO 	No cached data found for race_control_messages. Loading data...
_api           INFO 	Fetching race control messages...
req            INFO 	Data has been written to cache!
core        WARNING 	Driver 5 completed the race distance 00:00.044000 before the recorded end of the session.
core           INFO 	Finished loading data for 20 drivers: ['5', '77', '33', '3', '44', '7', '27', '55', '31', '16', '10', '8', '20', '11', '9', '2', '35', '14', '28', '18']
   ‚úì Fetched 17954 laps from 2018 Canadian Grand Prix
‚úì (17954 laps)
   [23/35] Fetching 2019... core           INFO 	Loading data for Canadian Grand Prix - Race [v3.6.1]
req            INFO 	No cached data found for session_info. Loading data...
_api           INFO 	Fetching session info data...
req            INFO 	Data has been written to cache!
req            INFO 	No cached data found for driver_info. Loading data...
_api           INFO 	Fetching driver list...
req            INFO 	Data has been written to cache!
req            INFO 	No cached data found for session_status_data. Loading data...
_api           INFO 	Fetching session status data...
req            INFO 	Data has been written to cache!
req            INFO 	No cached data found for lap_count. Loading data...
_api           INFO 	Fetching lap count data...
req            INFO 	Data has been written to cache!
req            INFO 	No cached data found for track_status_data. Loading data...
_api           INFO 	Fetching track status data...
req            INFO 	Data has been written to cache!
req            INFO 	No cached data found for _extended_timing_data. Loading data...
_api           INFO 	Fetching timing data...
_api           INFO 	Parsing timing data...
req            INFO 	Data has been written to cache!
req            INFO 	No cached data found for timing_app_data. Loading data...
_api           INFO 	Fetching timing app data...
req            INFO 	Data has been written to cache!
core           INFO 	Processing timing data...
req            INFO 	No cached data found for car_data. Loading data...
_api           INFO 	Fetching car data...
_api           INFO 	Parsing car data...
req            INFO 	Data has been written to cache!
req            INFO 	No cached data found for position_data. Loading data...
_api           INFO 	Fetching position data...
_api           INFO 	Parsing position data...
req            INFO 	Data has been written to cache!
req            INFO 	No cached data found for weather_data. Loading data...
_api           INFO 	Fetching weather data...
req            INFO 	Data has been written to cache!
req            INFO 	No cached data found for race_control_messages. Loading data...
_api           INFO 	Fetching race control messages...
req            INFO 	Data has been written to cache!
core        WARNING 	Driver 5 completed the race distance 00:00.190000 before the recorded end of the session.
core           INFO 	Finished loading data for 20 drivers: ['44', '5', '16', '77', '33', '3', '27', '10', '18', '26', '55', '11', '99', '8', '7', '63', '20', '88', '23', '4']
   ‚úì Fetched 13580 laps from 2019 Canadian Grand Prix
‚úì (13580 laps)
   [24/35] Fetching 2020... events      WARNING 	Correcting user input 'Canadian Grand Prix' to 'Hungarian Grand Prix'
core           INFO 	Loading data for Hungarian Grand Prix - Race [v3.6.1]
req            INFO 	Using cached data for session_info
req            INFO 	Using cached data for driver_info
req            INFO 	Using cached data for session_status_data
req            INFO 	Using cached data for lap_count
req            INFO 	Using cached data for track_status_data
req            INFO 	Using cached data for _extended_timing_data
req            INFO 	Using cached data for timing_app_data
core           INFO 	Processing timing data...
core        WARNING 	Fixed incorrect tyre stint information for driver '20'
core        WARNING 	Fixed incorrect tyre stint information for driver '8'
req            INFO 	Using cached data for car_data
req            INFO 	Using cached data for position_data
req            INFO 	Using cached data for weather_data
req            INFO 	Using cached data for race_control_messages
core        WARNING 	Driver 44 completed the race distance 00:00.098000 before the recorded end of the session.
core           INFO 	Finished loading data for 20 drivers: ['44', '33', '77', '18', '23', '5', '11', '3', '55', '20', '16', '26', '4', '31', '7', '8', '99', '63', '6', '10']
   ‚úì Fetched 8735 laps from 2020 Canadian Grand Prix
‚úì (8735 laps)
   [25/35] Fetching 2021... events      WARNING 	Correcting user input 'Canadian Grand Prix' to 'Hungarian Grand Prix'
core           INFO 	Loading data for Hungarian Grand Prix - Race [v3.6.1]
req            INFO 	Using cached data for session_info
req            INFO 	Using cached data for driver_info
req            INFO 	Using cached data for session_status_data
req            INFO 	Using cached data for lap_count
req            INFO 	Using cached data for track_status_data
req            INFO 	Using cached data for _extended_timing_data
req            INFO 	Using cached data for timing_app_data
core           INFO 	Processing timing data...
req            INFO 	Using cached data for car_data
req            INFO 	Using cached data for position_data
req            INFO 	Using cached data for weather_data
req            INFO 	Using cached data for race_control_messages
core        WARNING 	Driver 31 completed the race distance 00:00.068000 before the recorded end of the session.
core           INFO 	Finished loading data for 20 drivers: ['31', '44', '55', '14', '10', '22', '6', '63', '33', '7', '3', '47', '99', '9', '4', '77', '11', '16', '18', '5']
   ‚úì Fetched 6992 laps from 2021 Canadian Grand Prix
‚úì (6992 laps)
   [26/35] Fetching 2022... core           INFO 	Loading data for Canadian Grand Prix - Race [v3.6.1]
req            INFO 	Using cached data for session_info
req            INFO 	Using cached data for driver_info
req            INFO 	Using cached data for session_status_data
req            INFO 	Using cached data for lap_count
req            INFO 	Using cached data for track_status_data
req            INFO 	Using cached data for _extended_timing_data
req            INFO 	Using cached data for timing_app_data
core           INFO 	Processing timing data...
req            INFO 	Using cached data for car_data
req            INFO 	Using cached data for position_data
req            INFO 	Using cached data for weather_data
req            INFO 	Using cached data for race_control_messages
core           INFO 	Finished loading data for 20 drivers: ['1', '55', '44', '63', '16', '31', '77', '24', '14', '18', '3', '5', '23', '10', '4', '6', '20', '22', '47', '11']
   ‚úì Fetched 17720 laps from 2022 Canadian Grand Prix
‚úì (17720 laps)
   [27/35] Fetching 2023... core           INFO 	Loading data for Canadian Grand Prix - Race [v3.6.1]
req            INFO 	Using cached data for session_info
req            INFO 	Using cached data for driver_info
req            INFO 	Using cached data for session_status_data
req            INFO 	Using cached data for lap_count
req            INFO 	Using cached data for track_status_data
req            INFO 	Using cached data for _extended_timing_data
req            INFO 	Using cached data for timing_app_data
core           INFO 	Processing timing data...
core        WARNING 	Fixed incorrect tyre stint information for driver '22'
req            INFO 	Using cached data for car_data
req            INFO 	Using cached data for position_data
req            INFO 	Using cached data for weather_data
req            INFO 	Using cached data for race_control_messages
core           INFO 	Finished loading data for 20 drivers: ['1', '14', '44', '16', '55', '11', '23', '31', '18', '77', '81', '10', '4', '22', '27', '24', '20', '21', '63', '2']
   ‚úì Fetched 19900 laps from 2023 Canadian Grand Prix
‚úì (19900 laps)
   [28/35] Fetching 2024... core           INFO 	Loading data for Canadian Grand Prix - Race [v3.6.1]
req            INFO 	No cached data found for session_info. Loading data...
_api           INFO 	Fetching session info data...
req            INFO 	Data has been written to cache!
req            INFO 	No cached data found for driver_info. Loading data...
_api           INFO 	Fetching driver list...
req            INFO 	Data has been written to cache!
req            INFO 	No cached data found for session_status_data. Loading data...
_api           INFO 	Fetching session status data...
req            INFO 	Data has been written to cache!
req            INFO 	No cached data found for lap_count. Loading data...
_api           INFO 	Fetching lap count data...
req            INFO 	Data has been written to cache!
req            INFO 	No cached data found for track_status_data. Loading data...
_api           INFO 	Fetching track status data...
req            INFO 	Data has been written to cache!
req            INFO 	No cached data found for _extended_timing_data. Loading data...
_api           INFO 	Fetching timing data...
_api           INFO 	Parsing timing data...
req            INFO 	Data has been written to cache!
req            INFO 	No cached data found for timing_app_data. Loading data...
_api           INFO 	Fetching timing app data...
req            INFO 	Data has been written to cache!
core           INFO 	Processing timing data...
req            INFO 	No cached data found for car_data. Loading data...
_api           INFO 	Fetching car data...
_api           INFO 	Parsing car data...
req            INFO 	Data has been written to cache!
req            INFO 	No cached data found for position_data. Loading data...
_api           INFO 	Fetching position data...
_api           INFO 	Parsing position data...
_api        WARNING 	Driver 241: Position data is incomplete!
_api        WARNING 	Driver 242: Position data is incomplete!
_api        WARNING 	Driver 243: Position data is incomplete!
req            INFO 	Data has been written to cache!
req            INFO 	No cached data found for weather_data. Loading data...
_api           INFO 	Fetching weather data...
req            INFO 	Data has been written to cache!
req            INFO 	No cached data found for race_control_messages. Loading data...
_api           INFO 	Fetching race control messages...
req            INFO 	Data has been written to cache!
core           INFO 	Finished loading data for 20 drivers: ['1', '4', '63', '44', '81', '14', '18', '3', '10', '31', '27', '20', '77', '22', '24', '55', '23', '11', '16', '2']
   ‚úì Fetched 2806 laps from 2024 Canadian Grand Prix
‚úì (2806 laps)

üèÅ Japanese Grand Prix
   [29/35] Fetching 2018... core           INFO 	Loading data for Japanese Grand Prix - Race [v3.6.1]
req            INFO 	No cached data found for session_info. Loading data...
_api           INFO 	Fetching session info data...
req            INFO 	Data has been written to cache!
req            INFO 	No cached data found for driver_info. Loading data...
_api           INFO 	Fetching driver list...
req            INFO 	Data has been written to cache!
req            INFO 	No cached data found for session_status_data. Loading data...
_api           INFO 	Fetching session status data...
req            INFO 	Data has been written to cache!
req            INFO 	No cached data found for lap_count. Loading data...
_api           INFO 	Fetching lap count data...
req            INFO 	Data has been written to cache!
req            INFO 	No cached data found for track_status_data. Loading data...
_api           INFO 	Fetching track status data...
req            INFO 	Data has been written to cache!
req            INFO 	No cached data found for _extended_timing_data. Loading data...
_api           INFO 	Fetching timing data...
_api           INFO 	Parsing timing data...
req            INFO 	Data has been written to cache!
req            INFO 	No cached data found for timing_app_data. Loading data...
_api           INFO 	Fetching timing app data...
req            INFO 	Data has been written to cache!
core           INFO 	Processing timing data...
req            INFO 	No cached data found for car_data. Loading data...
_api           INFO 	Fetching car data...
_api           INFO 	Parsing car data...
req            INFO 	Data has been written to cache!
req            INFO 	No cached data found for position_data. Loading data...
_api           INFO 	Fetching position data...
_api           INFO 	Parsing position data...
req            INFO 	Data has been written to cache!
req            INFO 	No cached data found for weather_data. Loading data...
_api           INFO 	Fetching weather data...
req            INFO 	Data has been written to cache!
req            INFO 	No cached data found for race_control_messages. Loading data...
_api           INFO 	Fetching race control messages...
req            INFO 	Data has been written to cache!
core        WARNING 	Driver 44 completed the race distance 00:00.042000 before the recorded end of the session.
core           INFO 	Finished loading data for 20 drivers: ['44', '77', '33', '3', '7', '5', '11', '8', '31', '55', '10', '9', '28', '14', '2', '35', '18', '16', '27', '20']
   ‚úì Fetched 12639 laps from 2018 Japanese Grand Prix
‚úì (12639 laps)
   [30/35] Fetching 2019... core           INFO 	Loading data for Japanese Grand Prix - Race [v3.6.1]
req            INFO 	No cached data found for session_info. Loading data...
_api           INFO 	Fetching session info data...
req            INFO 	Data has been written to cache!
req            INFO 	No cached data found for driver_info. Loading data...
_api           INFO 	Fetching driver list...
req            INFO 	Data has been written to cache!
req            INFO 	No cached data found for session_status_data. Loading data...
_api           INFO 	Fetching session status data...
req            INFO 	Data has been written to cache!
req            INFO 	No cached data found for lap_count. Loading data...
_api           INFO 	Fetching lap count data...
req            INFO 	Data has been written to cache!
req            INFO 	No cached data found for track_status_data. Loading data...
_api           INFO 	Fetching track status data...
req            INFO 	Data has been written to cache!
req            INFO 	No cached data found for _extended_timing_data. Loading data...
_api           INFO 	Fetching timing data...
_api           INFO 	Parsing timing data...
_api        WARNING 	Driver  5: Ignoring late data for a previously processed lap.The data may contain errors (previous: 52; current 53)
_api        WARNING 	Driver 16: Ignoring late data for a previously processed lap.The data may contain errors (previous: 51; current 52)
_api        WARNING 	Driver 77: Ignoring late data for a previously processed lap.The data may contain errors (previous: 52; current 53)
_api        WARNING 	Driver 44: Ignoring late data for a previously processed lap.The data may contain errors (previous: 52; current 53)
_api        WARNING 	Driver 23: Ignoring late data for a previously processed lap.The data may contain errors (previous: 52; current 53)
_api        WARNING 	Driver 55: Ignoring late data for a previously processed lap.The data may contain errors (previous: 52; current 53)
_api        WARNING 	Driver  4: Ignoring late data for a previously processed lap.The data may contain errors (previous: 51; current 52)
_api        WARNING 	Driver 10: Ignoring late data for a previously processed lap.The data may contain errors (previous: 51; current 52)
_api        WARNING 	Driver  8: Ignoring late data for a previously processed lap.The data may contain errors (previous: 51; current 52)
_api        WARNING 	Driver 99: Ignoring late data for a previously processed lap.The data may contain errors (previous: 51; current 52)
_api        WARNING 	Driver 18: Ignoring late data for a previously processed lap.The data may contain errors (previous: 51; current 52)
_api        WARNING 	Driver  7: Ignoring late data for a previously processed lap.The data may contain errors (previous: 51; current 52)
_api        WARNING 	Driver 26: Ignoring late data for a previously processed lap.The data may contain errors (previous: 51; current 52)
_api        WARNING 	Driver 27: Ignoring late data for a previously processed lap.The data may contain errors (previous: 51; current 52)
_api        WARNING 	Driver  3: Ignoring late data for a previously processed lap.The data may contain errors (previous: 51; current 52)
_api        WARNING 	Driver 63: Ignoring late data for a previously processed lap.The data may contain errors (previous: 50; current 51)
_api        WARNING 	Driver 20: Ignoring late data for a previously processed lap.The data may contain errors (previous: 51; current 52)
_api        WARNING 	Driver 88: Ignoring late data for a previously processed lap.The data may contain errors (previous: 50; current 51)
req            INFO 	Data has been written to cache!
req            INFO 	No cached data found for timing_app_data. Loading data...
_api           INFO 	Fetching timing app data...
req            INFO 	Data has been written to cache!
core           INFO 	Processing timing data...
req            INFO 	No cached data found for car_data. Loading data...
_api           INFO 	Fetching car data...
_api           INFO 	Parsing car data...
req            INFO 	Data has been written to cache!
req            INFO 	No cached data found for position_data. Loading data...
_api           INFO 	Fetching position data...
_api           INFO 	Parsing position data...
req            INFO 	Data has been written to cache!
req            INFO 	No cached data found for weather_data. Loading data...
_api           INFO 	Fetching weather data...
req            INFO 	Data has been written to cache!
req            INFO 	No cached data found for race_control_messages. Loading data...
_api           INFO 	Fetching race control messages...
req            INFO 	Data has been written to cache!
core        WARNING 	Driver 77 completed the race distance 00:00.224000 before the recorded end of the session.
core           INFO 	Finished loading data for 20 drivers: ['77', '5', '44', '23', '55', '16', '10', '11', '18', '26', '4', '7', '8', '99', '20', '63', '88', '33', '3', '27']
   ‚úì Fetched 11881 laps from 2019 Japanese Grand Prix
‚úì (11881 laps)
   [31/35] Fetching 2020... events      WARNING 	Correcting user input 'Japanese Grand Prix' to 'Spanish Grand Prix'
core           INFO 	Loading data for Spanish Grand Prix - Race [v3.6.1]
req            INFO 	Using cached data for session_info
req            INFO 	Using cached data for driver_info
req            INFO 	Using cached data for session_status_data
req            INFO 	Using cached data for lap_count
req            INFO 	Using cached data for track_status_data
req            INFO 	Using cached data for _extended_timing_data
req            INFO 	Using cached data for timing_app_data
core           INFO 	Processing timing data...
req            INFO 	Using cached data for car_data
req            INFO 	Using cached data for position_data
req            INFO 	Using cached data for weather_data
req            INFO 	Using cached data for race_control_messages
core        WARNING 	Driver 44 completed the race distance 00:00.071000 before the recorded end of the session.
core           INFO 	Finished loading data for 20 drivers: ['44', '33', '77', '18', '11', '55', '5', '23', '10', '4', '3', '26', '31', '7', '20', '99', '63', '6', '8', '16']
   ‚úì Fetched 3577 laps from 2020 Japanese Grand Prix
‚úì (3577 laps)
   [32/35] Fetching 2021... events      WARNING 	Correcting user input 'Japanese Grand Prix' to 'Spanish Grand Prix'
core           INFO 	Loading data for Spanish Grand Prix - Race [v3.6.1]
req            INFO 	Using cached data for session_info
req            INFO 	Using cached data for driver_info
req            INFO 	Using cached data for session_status_data
req            INFO 	Using cached data for lap_count
req            INFO 	Using cached data for track_status_data
req            INFO 	Using cached data for _extended_timing_data
req            INFO 	Using cached data for timing_app_data
core           INFO 	Processing timing data...
req            INFO 	Using cached data for car_data
req            INFO 	Using cached data for position_data
req            INFO 	Using cached data for weather_data
req            INFO 	Using cached data for race_control_messages
core        WARNING 	Driver 44 completed the race distance 00:00.083000 before the recorded end of the session.
core           INFO 	Finished loading data for 20 drivers: ['44', '33', '77', '16', '11', '3', '55', '4', '31', '10', '18', '7', '5', '63', '99', '6', '14', '47', '9', '22']
   ‚úì Fetched 4099 laps from 2021 Japanese Grand Prix
‚úì (4099 laps)
   [33/35] Fetching 2022... core           INFO 	Loading data for Japanese Grand Prix - Race [v3.6.1]
req            INFO 	Using cached data for session_info
req            INFO 	Using cached data for driver_info
req            INFO 	Using cached data for session_status_data
req            INFO 	Using cached data for lap_count
req            INFO 	Using cached data for track_status_data
req            INFO 	Using cached data for _extended_timing_data
req            INFO 	Using cached data for timing_app_data
core           INFO 	Processing timing data...
req            INFO 	Using cached data for car_data
req            INFO 	Using cached data for position_data
req            INFO 	Using cached data for weather_data
req            INFO 	Using cached data for race_control_messages
core           INFO 	Finished loading data for 20 drivers: ['1', '11', '16', '31', '44', '5', '14', '63', '6', '4', '3', '18', '22', '20', '77', '24', '47', '10', '55', '23']
   ‚úì Fetched 5770 laps from 2022 Japanese Grand Prix
‚úì (5770 laps)
   [34/35] Fetching 2023... core           INFO 	Loading data for Japanese Grand Prix - Race [v3.6.1]
req            INFO 	Using cached data for session_info
req            INFO 	Using cached data for driver_info
req            INFO 	Using cached data for session_status_data
req            INFO 	Using cached data for lap_count
req            INFO 	Using cached data for track_status_data
req            INFO 	Using cached data for _extended_timing_data
req            INFO 	Using cached data for timing_app_data
core           INFO 	Processing timing data...
req            INFO 	Using cached data for car_data
req            INFO 	Using cached data for position_data
req            INFO 	Using cached data for weather_data
req            INFO 	Using cached data for race_control_messages
core        WARNING 	Driver 1 completed the race distance 00:00.076000 before the recorded end of the session.
core           INFO 	Finished loading data for 20 drivers: ['1', '4', '81', '16', '44', '55', '63', '14', '31', '10', '40', '22', '24', '27', '20', '23', '2', '18', '11', '77']
   ‚úì Fetched 9579 laps from 2023 Japanese Grand Prix
‚úì (9579 laps)
   [35/35] Fetching 2024... core           INFO 	Loading data for Japanese Grand Prix - Race [v3.6.1]
req            INFO 	No cached data found for session_info. Loading data...
_api           INFO 	Fetching session info data...
req            INFO 	Data has been written to cache!
req            INFO 	No cached data found for driver_info. Loading data...
_api           INFO 	Fetching driver list...
req            INFO 	Data has been written to cache!
req            INFO 	No cached data found for session_status_data. Loading data...
_api           INFO 	Fetching session status data...
req            INFO 	Data has been written to cache!
req            INFO 	No cached data found for lap_count. Loading data...
_api           INFO 	Fetching lap count data...
req            INFO 	Data has been written to cache!
req            INFO 	No cached data found for track_status_data. Loading data...
_api           INFO 	Fetching track status data...
req            INFO 	Data has been written to cache!
req            INFO 	No cached data found for _extended_timing_data. Loading data...
_api           INFO 	Fetching timing data...
_api           INFO 	Parsing timing data...
req            INFO 	Data has been written to cache!
req            INFO 	No cached data found for timing_app_data. Loading data...
_api           INFO 	Fetching timing app data...
req            INFO 	Data has been written to cache!
core           INFO 	Processing timing data...
req            INFO 	No cached data found for car_data. Loading data...
_api           INFO 	Fetching car data...
_api           INFO 	Parsing car data...
req            INFO 	Data has been written to cache!
req            INFO 	No cached data found for position_data. Loading data...
_api           INFO 	Fetching position data...
_api           INFO 	Parsing position data...
req            INFO 	Data has been written to cache!
req            INFO 	No cached data found for weather_data. Loading data...
_api           INFO 	Fetching weather data...
req            INFO 	Data has been written to cache!
req            INFO 	No cached data found for race_control_messages. Loading data...
_api           INFO 	Fetching race control messages...
req            INFO 	Data has been written to cache!
core           INFO 	Finished loading data for 20 drivers: ['1', '11', '55', '16', '4', '14', '63', '81', '44', '22', '27', '18', '20', '77', '31', '10', '2', '24', '3', '23']
   ‚úì Fetched 11602 laps from 2024 Japanese Grand Prix
‚úì (11602 laps)

‚úì Phase 1 complete: 33 sessions fetched



üìä PHASE 2: ADDITIONAL CIRCUITS (Random Years for Variety)
--------------------------------------------------------------------------------

üèÅ Austrian Grand Prix
   [1/30] Fetching 2018... core           INFO 	Loading data for Austrian Grand Prix - Race [v3.6.1]
req            INFO 	No cached data found for session_info. Loading data...
_api           INFO 	Fetching session info data...
req            INFO 	Data has been written to cache!
req            INFO 	No cached data found for driver_info. Loading data...
_api           INFO 	Fetching driver list...
req            INFO 	Data has been written to cache!
req            INFO 	No cached data found for session_status_data. Loading data...
_api           INFO 	Fetching session status data...
req            INFO 	Data has been written to cache!
req            INFO 	No cached data found for lap_count. Loading data...
_api           INFO 	Fetching lap count data...
req            INFO 	Data has been written to cache!
req            INFO 	No cached data found for track_status_data. Loading data...
_api           INFO 	Fetching track status data...
req            INFO 	Data has been written to cache!
req            INFO 	No cached data found for _extended_timing_data. Loading data...
_api           INFO 	Fetching timing data...
_api           INFO 	Parsing timing data...
req            INFO 	Data has been written to cache!
req            INFO 	No cached data found for timing_app_data. Loading data...
_api           INFO 	Fetching timing app data...
req            INFO 	Data has been written to cache!
core           INFO 	Processing timing data...
core        WARNING 	Fixed incorrect tyre stint information for driver '2'
req            INFO 	No cached data found for car_data. Loading data...
_api           INFO 	Fetching car data...
_api           INFO 	Parsing car data...
req            INFO 	Data has been written to cache!
req            INFO 	No cached data found for position_data. Loading data...
_api           INFO 	Fetching position data...
_api           INFO 	Parsing position data...
req            INFO 	Data has been written to cache!
req            INFO 	No cached data found for weather_data. Loading data...
_api           INFO 	Fetching weather data...
req            INFO 	Data has been written to cache!
req            INFO 	No cached data found for race_control_messages. Loading data...
_api           INFO 	Fetching race control messages...
req            INFO 	Data has been written to cache!
core        WARNING 	Driver 33 completed the race distance 00:00.049000 before the recorded end of the session.
core           INFO 	Finished loading data for 20 drivers: ['33', '7', '5', '8', '20', '31', '11', '14', '16', '9', '10', '55', '35', '18', '2', '44', '28', '3', '77', '27']
   ‚úì Fetched 17901 laps from 2018 Austrian Grand Prix
‚úì (17901 laps)
   [2/30] Fetching 2023... core           INFO 	Loading data for Austrian Grand Prix - Race [v3.6.1]
req            INFO 	No cached data found for session_info. Loading data...
_api           INFO 	Fetching session info data...
req            INFO 	Data has been written to cache!
req            INFO 	No cached data found for driver_info. Loading data...
_api           INFO 	Fetching driver list...
req            INFO 	Data has been written to cache!
req            INFO 	No cached data found for session_status_data. Loading data...
_api           INFO 	Fetching session status data...
req            INFO 	Data has been written to cache!
req            INFO 	No cached data found for lap_count. Loading data...
_api           INFO 	Fetching lap count data...
req            INFO 	Data has been written to cache!
req            INFO 	No cached data found for track_status_data. Loading data...
_api           INFO 	Fetching track status data...
req            INFO 	Data has been written to cache!
req            INFO 	No cached data found for _extended_timing_data. Loading data...
_api           INFO 	Fetching timing data...
_api           INFO 	Parsing timing data...
_api        WARNING 	Driver 20: Encountered 1 timing integrity error(s) near lap(s): [34].
This might be a bug and should be reported.
req            INFO 	Data has been written to cache!
req            INFO 	No cached data found for timing_app_data. Loading data...
_api           INFO 	Fetching timing app data...
req            INFO 	Data has been written to cache!
core           INFO 	Processing timing data...
req            INFO 	No cached data found for car_data. Loading data...
_api           INFO 	Fetching car data...
_api           INFO 	Parsing car data...
req            INFO 	Data has been written to cache!
req            INFO 	No cached data found for position_data. Loading data...
_api           INFO 	Fetching position data...
_api           INFO 	Parsing position data...
_api        WARNING 	Driver 241: Position data is incomplete!
_api        WARNING 	Driver 242: Position data is incomplete!
_api        WARNING 	Driver 243: Position data is incomplete!
req            INFO 	Data has been written to cache!
req            INFO 	No cached data found for weather_data. Loading data...
_api           INFO 	Fetching weather data...
req            INFO 	Data has been written to cache!
req            INFO 	No cached data found for race_control_messages. Loading data...
_api           INFO 	Fetching race control messages...
req            INFO 	Data has been written to cache!
core           INFO 	Finished loading data for 20 drivers: ['1', '16', '11', '4', '14', '55', '63', '44', '18', '10', '23', '24', '2', '31', '77', '81', '21', '20', '22', '27']
   ‚úì Fetched 17321 laps from 2023 Austrian Grand Prix
‚úì (17321 laps)
   [3/30] Fetching 2024... core           INFO 	Loading data for Austrian Grand Prix - Race [v3.6.1]
req            INFO 	No cached data found for session_info. Loading data...
_api           INFO 	Fetching session info data...
req            INFO 	Data has been written to cache!
req            INFO 	No cached data found for driver_info. Loading data...
_api           INFO 	Fetching driver list...
req            INFO 	Data has been written to cache!
req            INFO 	No cached data found for session_status_data. Loading data...
_api           INFO 	Fetching session status data...
req            INFO 	Data has been written to cache!
req            INFO 	No cached data found for lap_count. Loading data...
_api           INFO 	Fetching lap count data...
req            INFO 	Data has been written to cache!
req            INFO 	No cached data found for track_status_data. Loading data...
_api           INFO 	Fetching track status data...
req            INFO 	Data has been written to cache!
req            INFO 	No cached data found for _extended_timing_data. Loading data...
_api           INFO 	Fetching timing data...
_api           INFO 	Parsing timing data...
req            INFO 	Data has been written to cache!
req            INFO 	No cached data found for timing_app_data. Loading data...
_api           INFO 	Fetching timing app data...
req            INFO 	Data has been written to cache!
core           INFO 	Processing timing data...
req            INFO 	No cached data found for car_data. Loading data...
_api           INFO 	Fetching car data...
_api           INFO 	Parsing car data...
_api        WARNING 	Driver 12: Car data is incomplete!
_api        WARNING 	Driver  2: Car data is incomplete!
_api        WARNING 	Driver  3: Car data is incomplete!
_api        WARNING 	Driver  4: Car data is incomplete!
_api        WARNING 	Driver 10: Car data is incomplete!
_api        WARNING 	Driver 11: Car data is incomplete!
_api        WARNING 	Driver 14: Car data is incomplete!
_api        WARNING 	Driver 16: Car data is incomplete!
_api        WARNING 	Driver 18: Car data is incomplete!
_api        WARNING 	Driver 20: Car data is incomplete!
_api        WARNING 	Driver 22: Car data is incomplete!
_api        WARNING 	Driver 23: Car data is incomplete!
_api        WARNING 	Driver 27: Car data is incomplete!
_api        WARNING 	Driver 31: Car data is incomplete!
_api        WARNING 	Driver 44: Car data is incomplete!
_api        WARNING 	Driver 55: Car data is incomplete!
_api        WARNING 	Driver 63: Car data is incomplete!
_api        WARNING 	Driver 77: Car data is incomplete!
_api        WARNING 	Driver 81: Car data is incomplete!
req            INFO 	Data has been written to cache!
req            INFO 	No cached data found for position_data. Loading data...
_api           INFO 	Fetching position data...
_api           INFO 	Parsing position data...
_api        WARNING 	Driver 12: Position data is incomplete!
_api        WARNING 	Driver  2: Position data is incomplete!
_api        WARNING 	Driver  3: Position data is incomplete!
_api        WARNING 	Driver  4: Position data is incomplete!
_api        WARNING 	Driver 10: Position data is incomplete!
_api        WARNING 	Driver 11: Position data is incomplete!
_api        WARNING 	Driver 14: Position data is incomplete!
_api        WARNING 	Driver 16: Position data is incomplete!
_api        WARNING 	Driver 18: Position data is incomplete!
_api        WARNING 	Driver 20: Position data is incomplete!
_api        WARNING 	Driver 22: Position data is incomplete!
_api        WARNING 	Driver 23: Position data is incomplete!
_api        WARNING 	Driver 27: Position data is incomplete!
_api        WARNING 	Driver 31: Position data is incomplete!
_api        WARNING 	Driver 44: Position data is incomplete!
_api        WARNING 	Driver 55: Position data is incomplete!
_api        WARNING 	Driver 63: Position data is incomplete!
_api        WARNING 	Driver 77: Position data is incomplete!
_api        WARNING 	Driver 81: Position data is incomplete!
req            INFO 	Data has been written to cache!
req            INFO 	No cached data found for weather_data. Loading data...
_api           INFO 	Fetching weather data...
req            INFO 	Data has been written to cache!
req            INFO 	No cached data found for race_control_messages. Loading data...
_api           INFO 	Fetching race control messages...
req            INFO 	Data has been written to cache!
core           INFO 	Finished loading data for 20 drivers: ['63', '81', '55', '44', '1', '27', '11', '20', '3', '10', '16', '31', '18', '22', '23', '77', '24', '14', '2', '4']
   ‚úì Fetched 21130 laps from 2024 Austrian Grand Prix
‚úì (21130 laps)

üèÅ British Grand Prix
   [4/30] Fetching 2019... core           INFO 	Loading data for British Grand Prix - Race [v3.6.1]
req            INFO 	No cached data found for session_info. Loading data...
_api           INFO 	Fetching session info data...
req            INFO 	Data has been written to cache!
req            INFO 	No cached data found for driver_info. Loading data...
_api           INFO 	Fetching driver list...
req            INFO 	Data has been written to cache!
req            INFO 	No cached data found for session_status_data. Loading data...
_api           INFO 	Fetching session status data...
req            INFO 	Data has been written to cache!
req            INFO 	No cached data found for lap_count. Loading data...
_api           INFO 	Fetching lap count data...
req            INFO 	Data has been written to cache!
req            INFO 	No cached data found for track_status_data. Loading data...
_api           INFO 	Fetching track status data...
req            INFO 	Data has been written to cache!
req            INFO 	No cached data found for _extended_timing_data. Loading data...
_api           INFO 	Fetching timing data...
_api           INFO 	Parsing timing data...
_api        WARNING 	Failed to align laps for drivers: ['20']
req            INFO 	Data has been written to cache!
req            INFO 	No cached data found for timing_app_data. Loading data...
_api           INFO 	Fetching timing app data...
req            INFO 	Data has been written to cache!
core           INFO 	Processing timing data...
req            INFO 	No cached data found for car_data. Loading data...
_api           INFO 	Fetching car data...
_api           INFO 	Parsing car data...
req            INFO 	Data has been written to cache!
req            INFO 	No cached data found for position_data. Loading data...
_api           INFO 	Fetching position data...
_api           INFO 	Parsing position data...
req            INFO 	Data has been written to cache!
req            INFO 	No cached data found for weather_data. Loading data...
_api           INFO 	Fetching weather data...
req            INFO 	Data has been written to cache!
req            INFO 	No cached data found for race_control_messages. Loading data...
_api           INFO 	Fetching race control messages...
req            INFO 	Data has been written to cache!
core        WARNING 	Driver 44 completed the race distance 00:00.042000 before the recorded end of the session.
core           INFO 	Finished loading data for 20 drivers: ['44', '77', '16', '10', '33', '55', '3', '7', '26', '27', '4', '23', '18', '63', '88', '5', '11', '99', '8', '20']
   ‚úì Fetched 11083 laps from 2019 British Grand Prix
‚úì (11083 laps)
   [5/30] Fetching 2020... core           INFO 	Loading data for British Grand Prix - Race [v3.6.1]
req            INFO 	No cached data found for session_info. Loading data...
_api           INFO 	Fetching session info data...
req            INFO 	Data has been written to cache!
req            INFO 	No cached data found for driver_info. Loading data...
_api           INFO 	Fetching driver list...
req            INFO 	Data has been written to cache!
req            INFO 	No cached data found for session_status_data. Loading data...
_api           INFO 	Fetching session status data...
req            INFO 	Data has been written to cache!
req            INFO 	No cached data found for lap_count. Loading data...
_api           INFO 	Fetching lap count data...
req            INFO 	Data has been written to cache!
req            INFO 	No cached data found for track_status_data. Loading data...
_api           INFO 	Fetching track status data...
req            INFO 	Data has been written to cache!
req            INFO 	No cached data found for _extended_timing_data. Loading data...
_api           INFO 	Fetching timing data...
_api           INFO 	Parsing timing data...
_api        WARNING 	Driver  4: Ignoring late data for a previously processed lap.The data may contain errors (previous: 35; current 36)
_api        WARNING 	Driver  8: Encountered 1 timing integrity error(s) near lap(s): [15].
This might be a bug and should be reported.
_api        WARNING 	Failed to align laps for drivers: ['20']
req            INFO 	Data has been written to cache!
req            INFO 	No cached data found for timing_app_data. Loading data...
_api           INFO 	Fetching timing app data...
req            INFO 	Data has been written to cache!
core           INFO 	Processing timing data...
req            INFO 	No cached data found for car_data. Loading data...
_api           INFO 	Fetching car data...
_api           INFO 	Parsing car data...
req            INFO 	Data has been written to cache!
req            INFO 	No cached data found for position_data. Loading data...
_api           INFO 	Fetching position data...
_api           INFO 	Parsing position data...
_api        WARNING 	Driver 241: Position data is incomplete!
_api        WARNING 	Driver 242: Position data is incomplete!
_api        WARNING 	Driver 243: Position data is incomplete!
req            INFO 	Data has been written to cache!
req            INFO 	No cached data found for weather_data. Loading data...
_api           INFO 	Fetching weather data...
req            INFO 	Data has been written to cache!
req            INFO 	No cached data found for race_control_messages. Loading data...
_api           INFO 	Fetching race control messages...
req            INFO 	Data has been written to cache!
core           INFO 	Finished loading data for 20 drivers: ['44', '33', '16', '3', '4', '31', '10', '23', '18', '5', '77', '63', '55', '99', '6', '8', '7', '26', '20', '27']
   ‚úì Fetched 9196 laps from 2020 British Grand Prix
‚úì (9196 laps)
   [6/30] Fetching 2023... core           INFO 	Loading data for British Grand Prix - Race [v3.6.1]
req            INFO 	No cached data found for session_info. Loading data...
_api           INFO 	Fetching session info data...
req            INFO 	Data has been written to cache!
req            INFO 	No cached data found for driver_info. Loading data...
_api           INFO 	Fetching driver list...
req            INFO 	Data has been written to cache!
req            INFO 	No cached data found for session_status_data. Loading data...
_api           INFO 	Fetching session status data...
req            INFO 	Data has been written to cache!
req            INFO 	No cached data found for lap_count. Loading data...
_api           INFO 	Fetching lap count data...
req            INFO 	Data has been written to cache!
req            INFO 	No cached data found for track_status_data. Loading data...
_api           INFO 	Fetching track status data...
req            INFO 	Data has been written to cache!
req            INFO 	No cached data found for _extended_timing_data. Loading data...
_api           INFO 	Fetching timing data...
_api           INFO 	Parsing timing data...
req            INFO 	Data has been written to cache!
req            INFO 	No cached data found for timing_app_data. Loading data...
_api           INFO 	Fetching timing app data...
req            INFO 	Data has been written to cache!
core           INFO 	Processing timing data...
req            INFO 	No cached data found for car_data. Loading data...
_api           INFO 	Fetching car data...
_api           INFO 	Parsing car data...
_api        WARNING 	Driver  3: Car data is incomplete!
_api        WARNING 	Driver  5: Car data is incomplete!
_api        WARNING 	Driver  6: Car data is incomplete!
_api        WARNING 	Driver  7: Car data is incomplete!
_api        WARNING 	Driver  8: Car data is incomplete!
_api        WARNING 	Driver  9: Car data is incomplete!
_api        WARNING 	Driver 12: Car data is incomplete!
_api        WARNING 	Driver 15: Car data is incomplete!
_api        WARNING 	Driver 17: Car data is incomplete!
_api        WARNING 	Driver 19: Car data is incomplete!
_api        WARNING 	Driver 25: Car data is incomplete!
_api        WARNING 	Driver 26: Car data is incomplete!
_api        WARNING 	Driver 28: Car data is incomplete!
_api        WARNING 	Driver 29: Car data is incomplete!
_api        WARNING 	Driver 30: Car data is incomplete!
_api        WARNING 	Driver 44: Car data is incomplete!
_api        WARNING 	Driver 55: Car data is incomplete!
_api        WARNING 	Driver 63: Car data is incomplete!
_api        WARNING 	Driver 77: Car data is incomplete!
_api        WARNING 	Driver 81: Car data is incomplete!
req            INFO 	Data has been written to cache!
req            INFO 	No cached data found for position_data. Loading data...
_api           INFO 	Fetching position data...
_api           INFO 	Parsing position data...
_api        WARNING 	Driver 241: Position data is incomplete!
_api        WARNING 	Driver 242: Position data is incomplete!
_api        WARNING 	Driver 243: Position data is incomplete!
req            INFO 	Data has been written to cache!
req            INFO 	No cached data found for weather_data. Loading data...
_api           INFO 	Fetching weather data...
req            INFO 	Data has been written to cache!
req            INFO 	No cached data found for race_control_messages. Loading data...
_api           INFO 	Fetching race control messages...
req            INFO 	Data has been written to cache!
core           INFO 	Finished loading data for 20 drivers: ['1', '4', '44', '81', '63', '11', '14', '23', '16', '55', '2', '77', '27', '18', '24', '22', '21', '10', '20', '31']
   ‚úì Fetched 15008 laps from 2023 British Grand Prix
‚úì (15008 laps)

üèÅ Italian Grand Prix
   [7/30] Fetching 2018... core           INFO 	Loading data for Italian Grand Prix - Race [v3.6.1]
req            INFO 	No cached data found for session_info. Loading data...
_api           INFO 	Fetching session info data...
req            INFO 	Data has been written to cache!
req            INFO 	No cached data found for driver_info. Loading data...
_api           INFO 	Fetching driver list...
req            INFO 	Data has been written to cache!
req            INFO 	No cached data found for session_status_data. Loading data...
_api           INFO 	Fetching session status data...
req            INFO 	Data has been written to cache!
req            INFO 	No cached data found for lap_count. Loading data...
_api           INFO 	Fetching lap count data...
req            INFO 	Data has been written to cache!
req            INFO 	No cached data found for track_status_data. Loading data...
_api           INFO 	Fetching track status data...
req            INFO 	Data has been written to cache!
req            INFO 	No cached data found for _extended_timing_data. Loading data...
_api           INFO 	Fetching timing data...
_api           INFO 	Parsing timing data...
req            INFO 	Data has been written to cache!
req            INFO 	No cached data found for timing_app_data. Loading data...
_api           INFO 	Fetching timing app data...
req            INFO 	Data has been written to cache!
core           INFO 	Processing timing data...
core        WARNING 	Fixed incorrect tyre stint information for driver '5'
core        WARNING 	Fixed incorrect tyre stint information for driver '27'
core        WARNING 	Fixed incorrect tyre stint information for driver '9'
core        WARNING 	Fixed incorrect tyre stint information for driver '3'
req            INFO 	No cached data found for car_data. Loading data...
_api           INFO 	Fetching car data...
_api           INFO 	Parsing car data...
req            INFO 	Data has been written to cache!
req            INFO 	No cached data found for position_data. Loading data...
_api           INFO 	Fetching position data...
_api           INFO 	Parsing position data...
req            INFO 	Data has been written to cache!
req            INFO 	No cached data found for weather_data. Loading data...
_api           INFO 	Fetching weather data...
req            INFO 	Data has been written to cache!
req            INFO 	No cached data found for race_control_messages. Loading data...
_api           INFO 	Fetching race control messages...
req            INFO 	Data has been written to cache!
core        WARNING 	Driver 44 completed the race distance 00:00.051000 before the recorded end of the session.
core           INFO 	Finished loading data for 20 drivers: ['44', '7', '77', '5', '33', '31', '11', '55', '18', '35', '16', '2', '27', '10', '9', '20', '3', '14', '28', '8']
   ‚úì Fetched 13590 laps from 2018 Italian Grand Prix
‚úì (13590 laps)
   [8/30] Fetching 2019... core           INFO 	Loading data for Italian Grand Prix - Race [v3.6.1]
req            INFO 	No cached data found for session_info. Loading data...
_api           INFO 	Fetching session info data...
req            INFO 	Data has been written to cache!
req            INFO 	No cached data found for driver_info. Loading data...
_api           INFO 	Fetching driver list...
req            INFO 	Data has been written to cache!
req            INFO 	No cached data found for session_status_data. Loading data...
_api           INFO 	Fetching session status data...
req            INFO 	Data has been written to cache!
req            INFO 	No cached data found for lap_count. Loading data...
_api           INFO 	Fetching lap count data...
req            INFO 	Data has been written to cache!
req            INFO 	No cached data found for track_status_data. Loading data...
_api           INFO 	Fetching track status data...
req            INFO 	Data has been written to cache!
req            INFO 	No cached data found for _extended_timing_data. Loading data...
_api           INFO 	Fetching timing data...
_api           INFO 	Parsing timing data...
req            INFO 	Data has been written to cache!
req            INFO 	No cached data found for timing_app_data. Loading data...
_api           INFO 	Fetching timing app data...
req            INFO 	Data has been written to cache!
core           INFO 	Processing timing data...
req            INFO 	No cached data found for car_data. Loading data...
_api           INFO 	Fetching car data...
_api           INFO 	Parsing car data...
req            INFO 	Data has been written to cache!
req            INFO 	No cached data found for position_data. Loading data...
_api           INFO 	Fetching position data...
_api           INFO 	Parsing position data...
req            INFO 	Data has been written to cache!
req            INFO 	No cached data found for weather_data. Loading data...
_api           INFO 	Fetching weather data...
req            INFO 	Data has been written to cache!
req            INFO 	No cached data found for race_control_messages. Loading data...
_api           INFO 	Fetching race control messages...
req            INFO 	Data has been written to cache!
core        WARNING 	Driver 16 completed the race distance 00:00.092000 before the recorded end of the session.
core           INFO 	Finished loading data for 20 drivers: ['16', '77', '44', '3', '27', '23', '11', '33', '99', '4', '10', '18', '5', '63', '7', '8', '88', '20', '26', '55']
   ‚úì Fetched 12929 laps from 2019 Italian Grand Prix
‚úì (12929 laps)
   [9/30] Fetching 2024... core           INFO 	Loading data for Italian Grand Prix - Race [v3.6.1]
req            INFO 	No cached data found for session_info. Loading data...
_api           INFO 	Fetching session info data...
req            INFO 	Data has been written to cache!
req            INFO 	No cached data found for driver_info. Loading data...
_api           INFO 	Fetching driver list...
req            INFO 	Data has been written to cache!
req            INFO 	No cached data found for session_status_data. Loading data...
_api           INFO 	Fetching session status data...
req            INFO 	Data has been written to cache!
req            INFO 	No cached data found for lap_count. Loading data...
_api           INFO 	Fetching lap count data...
req            INFO 	Data has been written to cache!
req            INFO 	No cached data found for track_status_data. Loading data...
_api           INFO 	Fetching track status data...
req            INFO 	Data has been written to cache!
req            INFO 	No cached data found for _extended_timing_data. Loading data...
_api           INFO 	Fetching timing data...
_api           INFO 	Parsing timing data...
req            INFO 	Data has been written to cache!
req            INFO 	No cached data found for timing_app_data. Loading data...
_api           INFO 	Fetching timing app data...
req            INFO 	Data has been written to cache!
core           INFO 	Processing timing data...
req            INFO 	No cached data found for car_data. Loading data...
_api           INFO 	Fetching car data...
_api           INFO 	Parsing car data...
req            INFO 	Data has been written to cache!
req            INFO 	No cached data found for position_data. Loading data...
_api           INFO 	Fetching position data...
_api           INFO 	Parsing position data...
req            INFO 	Data has been written to cache!
req            INFO 	No cached data found for weather_data. Loading data...
_api           INFO 	Fetching weather data...
req            INFO 	Data has been written to cache!
req            INFO 	No cached data found for race_control_messages. Loading data...
_api           INFO 	Fetching race control messages...
req            INFO 	Data has been written to cache!
core           INFO 	Finished loading data for 20 drivers: ['16', '81', '4', '55', '44', '1', '63', '11', '23', '20', '14', '43', '3', '31', '10', '77', '27', '24', '18', '22']
   ‚úì Fetched 15709 laps from 2024 Italian Grand Prix
‚úì (15709 laps)

üèÅ Belgian Grand Prix
   [10/30] Fetching 2022... core           INFO 	Loading data for Belgian Grand Prix - Race [v3.6.1]
req            INFO 	No cached data found for session_info. Loading data...
_api           INFO 	Fetching session info data...
req            INFO 	Data has been written to cache!
req            INFO 	No cached data found for driver_info. Loading data...
_api           INFO 	Fetching driver list...
req            INFO 	Data has been written to cache!
req            INFO 	No cached data found for session_status_data. Loading data...
_api           INFO 	Fetching session status data...
req            INFO 	Data has been written to cache!
req            INFO 	No cached data found for lap_count. Loading data...
_api           INFO 	Fetching lap count data...
req            INFO 	Data has been written to cache!
req            INFO 	No cached data found for track_status_data. Loading data...
_api           INFO 	Fetching track status data...
req            INFO 	Data has been written to cache!
req            INFO 	No cached data found for _extended_timing_data. Loading data...
_api           INFO 	Fetching timing data...
_api           INFO 	Parsing timing data...
_api        WARNING 	Failed to align laps for drivers: ['77']
req            INFO 	Data has been written to cache!
req            INFO 	No cached data found for timing_app_data. Loading data...
_api           INFO 	Fetching timing app data...
req            INFO 	Data has been written to cache!
core           INFO 	Processing timing data...
core        WARNING 	Fixed incorrect tyre stint information for driver '10'
core        WARNING 	Fixed incorrect tyre stint information for driver '22'
req            INFO 	No cached data found for car_data. Loading data...
_api           INFO 	Fetching car data...
_api           INFO 	Parsing car data...
req            INFO 	Data has been written to cache!
req            INFO 	No cached data found for position_data. Loading data...
_api           INFO 	Fetching position data...
_api           INFO 	Parsing position data...
_api        WARNING 	Driver 241: Position data is incomplete!
_api        WARNING 	Driver 242: Position data is incomplete!
_api        WARNING 	Driver 243: Position data is incomplete!
req            INFO 	Data has been written to cache!
req            INFO 	No cached data found for weather_data. Loading data...
_api           INFO 	Fetching weather data...
req            INFO 	Data has been written to cache!
req            INFO 	No cached data found for race_control_messages. Loading data...
_api           INFO 	Fetching race control messages...
req            INFO 	Data has been written to cache!
core           INFO 	Finished loading data for 20 drivers: ['1', '11', '55', '63', '14', '16', '31', '5', '10', '23', '18', '4', '22', '24', '3', '20', '47', '6', '77', '44']
   ‚úì Fetched 10097 laps from 2022 Belgian Grand Prix
‚úì (10097 laps)
   [11/30] Fetching 2023... core           INFO 	Loading data for Belgian Grand Prix - Race [v3.6.1]
req            INFO 	No cached data found for session_info. Loading data...
_api           INFO 	Fetching session info data...
req            INFO 	Data has been written to cache!
req            INFO 	No cached data found for driver_info. Loading data...
_api           INFO 	Fetching driver list...
req            INFO 	Data has been written to cache!
req            INFO 	No cached data found for session_status_data. Loading data...
_api           INFO 	Fetching session status data...
req            INFO 	Data has been written to cache!
req            INFO 	No cached data found for lap_count. Loading data...
_api           INFO 	Fetching lap count data...
req            INFO 	Data has been written to cache!
req            INFO 	No cached data found for track_status_data. Loading data...
_api           INFO 	Fetching track status data...
req            INFO 	Data has been written to cache!
req            INFO 	No cached data found for _extended_timing_data. Loading data...
_api           INFO 	Fetching timing data...
_api           INFO 	Parsing timing data...
req            INFO 	Data has been written to cache!
req            INFO 	No cached data found for timing_app_data. Loading data...
_api           INFO 	Fetching timing app data...
req            INFO 	Data has been written to cache!
core           INFO 	Processing timing data...
req            INFO 	No cached data found for car_data. Loading data...
_api           INFO 	Fetching car data...
_api           INFO 	Parsing car data...
req            INFO 	Data has been written to cache!
req            INFO 	No cached data found for position_data. Loading data...
_api           INFO 	Fetching position data...
_api           INFO 	Parsing position data...
req            INFO 	Data has been written to cache!
req            INFO 	No cached data found for weather_data. Loading data...
_api           INFO 	Fetching weather data...
req            INFO 	Data has been written to cache!
req            INFO 	No cached data found for race_control_messages. Loading data...
_api           INFO 	Fetching race control messages...
req            INFO 	Data has been written to cache!
core           INFO 	Finished loading data for 20 drivers: ['1', '11', '16', '44', '14', '63', '4', '31', '18', '22', '10', '77', '24', '23', '20', '3', '2', '27', '55', '81']
   ‚úì Fetched 8430 laps from 2023 Belgian Grand Prix
‚úì (8430 laps)
   [12/30] Fetching 2024... core           INFO 	Loading data for Belgian Grand Prix - Race [v3.6.1]
req            INFO 	No cached data found for session_info. Loading data...
_api           INFO 	Fetching session info data...
req            INFO 	Data has been written to cache!
req            INFO 	No cached data found for driver_info. Loading data...
_api           INFO 	Fetching driver list...
req            INFO 	Data has been written to cache!
req            INFO 	No cached data found for session_status_data. Loading data...
_api           INFO 	Fetching session status data...
req            INFO 	Data has been written to cache!
req            INFO 	No cached data found for lap_count. Loading data...
_api           INFO 	Fetching lap count data...
req            INFO 	Data has been written to cache!
req            INFO 	No cached data found for track_status_data. Loading data...
_api           INFO 	Fetching track status data...
req            INFO 	Data has been written to cache!
req            INFO 	No cached data found for _extended_timing_data. Loading data...
_api           INFO 	Fetching timing data...
_api           INFO 	Parsing timing data...
req            INFO 	Data has been written to cache!
req            INFO 	No cached data found for timing_app_data. Loading data...
_api           INFO 	Fetching timing app data...
req            INFO 	Data has been written to cache!
core           INFO 	Processing timing data...
core        WARNING 	Fixed incorrect tyre stint information for driver '14'
core        WARNING 	Fixed incorrect tyre stint information for driver '3'
core        WARNING 	Fixed incorrect tyre stint information for driver '18'
core        WARNING 	Fixed incorrect tyre stint information for driver '22'
req            INFO 	No cached data found for car_data. Loading data...
_api           INFO 	Fetching car data...
_api           INFO 	Parsing car data...
req            INFO 	Data has been written to cache!
req            INFO 	No cached data found for position_data. Loading data...
_api           INFO 	Fetching position data...
_api           INFO 	Parsing position data...
req            INFO 	Data has been written to cache!
req            INFO 	No cached data found for weather_data. Loading data...
_api           INFO 	Fetching weather data...
req            INFO 	Data has been written to cache!
req            INFO 	No cached data found for race_control_messages. Loading data...
_api           INFO 	Fetching race control messages...
req            INFO 	Data has been written to cache!
core           INFO 	Finished loading data for 20 drivers: ['44', '81', '16', '1', '4', '55', '11', '14', '31', '3', '18', '23', '10', '20', '77', '22', '2', '27', '24', '63']
   ‚úì Fetched 13118 laps from 2024 Belgian Grand Prix
‚úì (13118 laps)

üèÅ Abu Dhabi Grand Prix
   [13/30] Fetching 2018... core           INFO 	Loading data for Abu Dhabi Grand Prix - Race [v3.6.1]
req            INFO 	No cached data found for session_info. Loading data...
_api           INFO 	Fetching session info data...
req            INFO 	Data has been written to cache!
req            INFO 	No cached data found for driver_info. Loading data...
_api           INFO 	Fetching driver list...
req            INFO 	Data has been written to cache!
req            INFO 	No cached data found for session_status_data. Loading data...
_api           INFO 	Fetching session status data...
req            INFO 	Data has been written to cache!
req            INFO 	No cached data found for lap_count. Loading data...
_api           INFO 	Fetching lap count data...
req            INFO 	Data has been written to cache!
req            INFO 	No cached data found for track_status_data. Loading data...
_api           INFO 	Fetching track status data...
req            INFO 	Data has been written to cache!
req            INFO 	No cached data found for _extended_timing_data. Loading data...
_api           INFO 	Fetching timing data...
_api           INFO 	Parsing timing data...
req            INFO 	Data has been written to cache!
req            INFO 	No cached data found for timing_app_data. Loading data...
_api           INFO 	Fetching timing app data...
req            INFO 	Data has been written to cache!
core           INFO 	Processing timing data...
req            INFO 	No cached data found for car_data. Loading data...
_api           INFO 	Fetching car data...
_api           INFO 	Parsing car data...
req            INFO 	Data has been written to cache!
req            INFO 	No cached data found for position_data. Loading data...
_api           INFO 	Fetching position data...
_api           INFO 	Parsing position data...
req            INFO 	Data has been written to cache!
req            INFO 	No cached data found for weather_data. Loading data...
_api           INFO 	Fetching weather data...
req            INFO 	Data has been written to cache!
req            INFO 	No cached data found for race_control_messages. Loading data...
_api           INFO 	Fetching race control messages...
req            INFO 	Data has been written to cache!
core        WARNING 	Driver 44 completed the race distance 00:00.074000 before the recorded end of the session.
core           INFO 	Finished loading data for 20 drivers: ['44', '5', '33', '3', '77', '55', '16', '11', '8', '20', '14', '28', '18', '2', '35', '10', '31', '9', '7', '27']
   ‚úì Fetched 11505 laps from 2018 Abu Dhabi Grand Prix
‚úì (11505 laps)
   [14/30] Fetching 2021... core           INFO 	Loading data for Abu Dhabi Grand Prix - Race [v3.6.1]
req            INFO 	No cached data found for session_info. Loading data...
_api           INFO 	Fetching session info data...
req            INFO 	Data has been written to cache!
req            INFO 	No cached data found for driver_info. Loading data...
_api           INFO 	Fetching driver list...
req            INFO 	Data has been written to cache!
req            INFO 	No cached data found for session_status_data. Loading data...
_api           INFO 	Fetching session status data...
req            INFO 	Data has been written to cache!
req            INFO 	No cached data found for lap_count. Loading data...
_api           INFO 	Fetching lap count data...
req            INFO 	Data has been written to cache!
req            INFO 	No cached data found for track_status_data. Loading data...
_api           INFO 	Fetching track status data...
req            INFO 	Data has been written to cache!
req            INFO 	No cached data found for _extended_timing_data. Loading data...
_api           INFO 	Fetching timing data...
_api           INFO 	Parsing timing data...
req            INFO 	Data has been written to cache!
req            INFO 	No cached data found for timing_app_data. Loading data...
_api           INFO 	Fetching timing app data...
req            INFO 	Data has been written to cache!
core           INFO 	Processing timing data...
core        WARNING 	No lap data for driver 9
core        WARNING 	Failed to perform lap accuracy check - all laps marked as inaccurate (driver 9)
req            INFO 	No cached data found for car_data. Loading data...
_api           INFO 	Fetching car data...
_api           INFO 	Parsing car data...
req            INFO 	Data has been written to cache!
req            INFO 	No cached data found for position_data. Loading data...
_api           INFO 	Fetching position data...
_api           INFO 	Parsing position data...
_api        WARNING 	Driver 241: Position data is incomplete!
_api        WARNING 	Driver 242: Position data is incomplete!
_api        WARNING 	Driver 243: Position data is incomplete!
req            INFO 	Data has been written to cache!
req            INFO 	No cached data found for weather_data. Loading data...
_api           INFO 	Fetching weather data...
req            INFO 	Data has been written to cache!
req            INFO 	No cached data found for race_control_messages. Loading data...
_api           INFO 	Fetching race control messages...
req            INFO 	Data has been written to cache!
core        WARNING 	Driver 33 completed the race distance 00:00.035000 before the recorded end of the session.
core           INFO 	Finished loading data for 20 drivers: ['33', '44', '55', '22', '10', '77', '4', '14', '31', '16', '5', '3', '18', '47', '11', '6', '99', '63', '7', '9']
   ‚úì Fetched 13046 laps from 2021 Abu Dhabi Grand Prix
‚úì (13046 laps)
   [15/30] Fetching 2022... core           INFO 	Loading data for Abu Dhabi Grand Prix - Race [v3.6.1]
req            INFO 	No cached data found for session_info. Loading data...
_api           INFO 	Fetching session info data...
req            INFO 	Data has been written to cache!
req            INFO 	No cached data found for driver_info. Loading data...
_api           INFO 	Fetching driver list...
req            INFO 	Data has been written to cache!
req            INFO 	No cached data found for session_status_data. Loading data...
_api           INFO 	Fetching session status data...
req            INFO 	Data has been written to cache!
req            INFO 	No cached data found for lap_count. Loading data...
_api           INFO 	Fetching lap count data...
req            INFO 	Data has been written to cache!
req            INFO 	No cached data found for track_status_data. Loading data...
_api           INFO 	Fetching track status data...
req            INFO 	Data has been written to cache!
req            INFO 	No cached data found for _extended_timing_data. Loading data...
_api           INFO 	Fetching timing data...
_api           INFO 	Parsing timing data...
req            INFO 	Data has been written to cache!
req            INFO 	No cached data found for timing_app_data. Loading data...
_api           INFO 	Fetching timing app data...
req            INFO 	Data has been written to cache!
core           INFO 	Processing timing data...
req            INFO 	No cached data found for car_data. Loading data...
_api           INFO 	Fetching car data...
_api           INFO 	Parsing car data...
req            INFO 	Data has been written to cache!
req            INFO 	No cached data found for position_data. Loading data...
_api           INFO 	Fetching position data...
_api           INFO 	Parsing position data...
req            INFO 	Data has been written to cache!
req            INFO 	No cached data found for weather_data. Loading data...
_api           INFO 	Fetching weather data...
req            INFO 	Data has been written to cache!
req            INFO 	No cached data found for race_control_messages. Loading data...
_api           INFO 	Fetching race control messages...
req            INFO 	Data has been written to cache!
core           INFO 	Finished loading data for 20 drivers: ['1', '16', '11', '55', '63', '4', '31', '18', '3', '5', '22', '24', '23', '10', '77', '47', '20', '44', '6', '14']
   ‚úì Fetched 19112 laps from 2022 Abu Dhabi Grand Prix
‚úì (19112 laps)

üèÅ Mexico City Grand Prix
   [16/30] Fetching 2018... core           INFO 	Loading data for Mexican Grand Prix - Race [v3.6.1]
req            INFO 	No cached data found for session_info. Loading data...
_api           INFO 	Fetching session info data...
req            INFO 	Data has been written to cache!
req            INFO 	No cached data found for driver_info. Loading data...
_api           INFO 	Fetching driver list...
req            INFO 	Data has been written to cache!
req            INFO 	No cached data found for session_status_data. Loading data...
_api           INFO 	Fetching session status data...
req            INFO 	Data has been written to cache!
req            INFO 	No cached data found for lap_count. Loading data...
_api           INFO 	Fetching lap count data...
req            INFO 	Data has been written to cache!
req            INFO 	No cached data found for track_status_data. Loading data...
_api           INFO 	Fetching track status data...
req            INFO 	Data has been written to cache!
req            INFO 	No cached data found for _extended_timing_data. Loading data...
_api           INFO 	Fetching timing data...
_api           INFO 	Parsing timing data...
req            INFO 	Data has been written to cache!
req            INFO 	No cached data found for timing_app_data. Loading data...
_api           INFO 	Fetching timing app data...
req            INFO 	Data has been written to cache!
core           INFO 	Processing timing data...
req            INFO 	No cached data found for car_data. Loading data...
_api           INFO 	Fetching car data...
_api           INFO 	Parsing car data...
req            INFO 	Data has been written to cache!
req            INFO 	No cached data found for position_data. Loading data...
_api           INFO 	Fetching position data...
_api           INFO 	Parsing position data...
req            INFO 	Data has been written to cache!
req            INFO 	No cached data found for weather_data. Loading data...
_api           INFO 	Fetching weather data...
req            INFO 	Data has been written to cache!
req            INFO 	No cached data found for race_control_messages. Loading data...
_api           INFO 	Fetching race control messages...
req            INFO 	Data has been written to cache!
core        WARNING 	Driver 33 completed the race distance 00:00.015000 before the recorded end of the session.
core           INFO 	Finished loading data for 20 drivers: ['33', '5', '7', '44', '77', '27', '16', '2', '9', '10', '31', '18', '35', '28', '20', '8', '3', '11', '55', '14']
   ‚úì Fetched 6982 laps from 2018 Mexico City Grand Prix
‚úì (6982 laps)
   [17/30] Fetching 2023... core           INFO 	Loading data for Mexico City Grand Prix - Race [v3.6.1]
req            INFO 	No cached data found for session_info. Loading data...
_api           INFO 	Fetching session info data...
req            INFO 	Data has been written to cache!
req            INFO 	No cached data found for driver_info. Loading data...
_api           INFO 	Fetching driver list...
req            INFO 	Data has been written to cache!
req            INFO 	No cached data found for session_status_data. Loading data...
_api           INFO 	Fetching session status data...
req            INFO 	Data has been written to cache!
req            INFO 	No cached data found for lap_count. Loading data...
_api           INFO 	Fetching lap count data...
req            INFO 	Data has been written to cache!
req            INFO 	No cached data found for track_status_data. Loading data...
_api           INFO 	Fetching track status data...
req            INFO 	Data has been written to cache!
req            INFO 	No cached data found for _extended_timing_data. Loading data...
_api           INFO 	Fetching timing data...
_api           INFO 	Parsing timing data...
_api        WARNING 	Failed to align laps for drivers: ['11']
req            INFO 	Data has been written to cache!
req            INFO 	No cached data found for timing_app_data. Loading data...
_api           INFO 	Fetching timing app data...
req            INFO 	Data has been written to cache!
core           INFO 	Processing timing data...
req            INFO 	No cached data found for car_data. Loading data...
_api           INFO 	Fetching car data...
_api           INFO 	Parsing car data...
req            INFO 	Data has been written to cache!
req            INFO 	No cached data found for position_data. Loading data...
_api           INFO 	Fetching position data...
_api           INFO 	Parsing position data...
_api        WARNING 	Driver 241: Position data is incomplete!
_api        WARNING 	Driver 242: Position data is incomplete!
_api        WARNING 	Driver 243: Position data is incomplete!
req            INFO 	Data has been written to cache!
req            INFO 	No cached data found for weather_data. Loading data...
_api           INFO 	Fetching weather data...
req            INFO 	Data has been written to cache!
req            INFO 	No cached data found for race_control_messages. Loading data...
_api           INFO 	Fetching race control messages...
req            INFO 	Data has been written to cache!
core           INFO 	Finished loading data for 20 drivers: ['1', '44', '16', '55', '4', '63', '3', '81', '23', '31', '10', '22', '27', '24', '77', '2', '18', '14', '20', '11']
   ‚úì Fetched 19454 laps from 2023 Mexico City Grand Prix
‚úì (19454 laps)
   [18/30] Fetching 2024... core           INFO 	Loading data for Mexico City Grand Prix - Race [v3.6.1]
req            INFO 	No cached data found for session_info. Loading data...
_api           INFO 	Fetching session info data...
req            INFO 	Data has been written to cache!
req            INFO 	No cached data found for driver_info. Loading data...
_api           INFO 	Fetching driver list...
req            INFO 	Data has been written to cache!
req            INFO 	No cached data found for session_status_data. Loading data...
_api           INFO 	Fetching session status data...
req            INFO 	Data has been written to cache!
req            INFO 	No cached data found for lap_count. Loading data...
_api           INFO 	Fetching lap count data...
req            INFO 	Data has been written to cache!
req            INFO 	No cached data found for track_status_data. Loading data...
_api           INFO 	Fetching track status data...
req            INFO 	Data has been written to cache!
req            INFO 	No cached data found for _extended_timing_data. Loading data...
_api           INFO 	Fetching timing data...
_api           INFO 	Parsing timing data...
req            INFO 	Data has been written to cache!
req            INFO 	No cached data found for timing_app_data. Loading data...
_api           INFO 	Fetching timing app data...
req            INFO 	Data has been written to cache!
core           INFO 	Processing timing data...
req            INFO 	No cached data found for car_data. Loading data...
_api           INFO 	Fetching car data...
_api           INFO 	Parsing car data...
_api        WARNING 	Driver  2: Car data is incomplete!
_api        WARNING 	Driver  3: Car data is incomplete!
_api        WARNING 	Driver 30: Car data is incomplete!
_api        WARNING 	Driver 43: Car data is incomplete!
req            INFO 	Data has been written to cache!
req            INFO 	No cached data found for position_data. Loading data...
_api           INFO 	Fetching position data...
_api           INFO 	Parsing position data...
_api        WARNING 	Driver  2: Position data is incomplete!
_api        WARNING 	Driver  3: Position data is incomplete!
_api        WARNING 	Driver 30: Position data is incomplete!
_api        WARNING 	Driver 43: Position data is incomplete!
_api        WARNING 	Driver 241: Position data is incomplete!
_api        WARNING 	Driver 242: Position data is incomplete!
_api        WARNING 	Driver 243: Position data is incomplete!
req            INFO 	Data has been written to cache!
req            INFO 	No cached data found for weather_data. Loading data...
_api           INFO 	Fetching weather data...
req            INFO 	Data has been written to cache!
req            INFO 	No cached data found for race_control_messages. Loading data...
_api           INFO 	Fetching race control messages...
req            INFO 	Data has been written to cache!
core           INFO 	Finished loading data for 20 drivers: ['55', '4', '16', '44', '63', '1', '20', '81', '27', '10', '18', '43', '31', '77', '24', '30', '11', '14', '23', '22']
   ‚úì Fetched 15454 laps from 2024 Mexico City Grand Prix
‚úì (15454 laps)

üèÅ S√£o Paulo Grand Prix
   [19/30] Fetching 2019... core           INFO 	Loading data for Brazilian Grand Prix - Race [v3.6.1]
req            INFO 	No cached data found for session_info. Loading data...
_api           INFO 	Fetching session info data...
req            INFO 	Data has been written to cache!
req            INFO 	No cached data found for driver_info. Loading data...
_api           INFO 	Fetching driver list...
req            INFO 	Data has been written to cache!
req            INFO 	No cached data found for session_status_data. Loading data...
_api           INFO 	Fetching session status data...
req            INFO 	Data has been written to cache!
req            INFO 	No cached data found for lap_count. Loading data...
_api           INFO 	Fetching lap count data...
req            INFO 	Data has been written to cache!
req            INFO 	No cached data found for track_status_data. Loading data...
_api           INFO 	Fetching track status data...
req            INFO 	Data has been written to cache!
req            INFO 	No cached data found for _extended_timing_data. Loading data...
_api           INFO 	Fetching timing data...
_api           INFO 	Parsing timing data...
_api        WARNING 	Driver 20: Encountered 1 timing integrity error(s) near lap(s): [7].
This might be a bug and should be reported.
req            INFO 	Data has been written to cache!
req            INFO 	No cached data found for timing_app_data. Loading data...
_api           INFO 	Fetching timing app data...
req            INFO 	Data has been written to cache!
core           INFO 	Processing timing data...
core        WARNING 	Driver 20: Lap timing integrity check failed for 1 lap(s)
req            INFO 	No cached data found for car_data. Loading data...
_api           INFO 	Fetching car data...
_api           INFO 	Parsing car data...
req            INFO 	Data has been written to cache!
req            INFO 	No cached data found for position_data. Loading data...
_api           INFO 	Fetching position data...
_api           INFO 	Parsing position data...
req            INFO 	Data has been written to cache!
req            INFO 	No cached data found for weather_data. Loading data...
_api           INFO 	Fetching weather data...
req            INFO 	Data has been written to cache!
req            INFO 	No cached data found for race_control_messages. Loading data...
_api           INFO 	Fetching race control messages...
req            INFO 	Data has been written to cache!
core        WARNING 	Driver 33 completed the race distance 00:00.145000 before the recorded end of the session.
core           INFO 	Finished loading data for 20 drivers: ['33', '10', '55', '7', '99', '3', '44', '4', '11', '26', '20', '63', '8', '23', '27', '88', '5', '16', '18', '77']
   ‚úì Fetched 15634 laps from 2019 S√£o Paulo Grand Prix
‚úì (15634 laps)
   [20/30] Fetching 2022... core           INFO 	Loading data for S√£o Paulo Grand Prix - Race [v3.6.1]
req            INFO 	No cached data found for session_info. Loading data...
_api           INFO 	Fetching session info data...
req            INFO 	Data has been written to cache!
req            INFO 	No cached data found for driver_info. Loading data...
_api           INFO 	Fetching driver list...
req            INFO 	Data has been written to cache!
req            INFO 	No cached data found for session_status_data. Loading data...
_api           INFO 	Fetching session status data...
req            INFO 	Data has been written to cache!
req            INFO 	No cached data found for lap_count. Loading data...
_api           INFO 	Fetching lap count data...
req            INFO 	Data has been written to cache!
req            INFO 	No cached data found for track_status_data. Loading data...
_api           INFO 	Fetching track status data...
req            INFO 	Data has been written to cache!
req            INFO 	No cached data found for _extended_timing_data. Loading data...
_api           INFO 	Fetching timing data...
_api           INFO 	Parsing timing data...
req            INFO 	Data has been written to cache!
req            INFO 	No cached data found for timing_app_data. Loading data...
_api           INFO 	Fetching timing app data...
req            INFO 	Data has been written to cache!
core           INFO 	Processing timing data...
req            INFO 	No cached data found for car_data. Loading data...
_api           INFO 	Fetching car data...
_api           INFO 	Parsing car data...
req            INFO 	Data has been written to cache!
req            INFO 	No cached data found for position_data. Loading data...
_api           INFO 	Fetching position data...
_api           INFO 	Parsing position data...
_api        WARNING 	Driver 241: Position data is incomplete!
_api        WARNING 	Driver 242: Position data is incomplete!
_api        WARNING 	Driver 243: Position data is incomplete!
req            INFO 	Data has been written to cache!
req            INFO 	No cached data found for weather_data. Loading data...
_api           INFO 	Fetching weather data...
req            INFO 	Data has been written to cache!
req            INFO 	No cached data found for race_control_messages. Loading data...
_api           INFO 	Fetching race control messages...
req            INFO 	Data has been written to cache!
core           INFO 	Finished loading data for 20 drivers: ['63', '44', '55', '16', '14', '1', '11', '31', '77', '18', '5', '24', '47', '10', '23', '6', '22', '4', '20', '3']
   ‚úì Fetched 15111 laps from 2022 S√£o Paulo Grand Prix
‚úì (15111 laps)
   [21/30] Fetching 2024... core           INFO 	Loading data for S√£o Paulo Grand Prix - Race [v3.6.1]
req            INFO 	No cached data found for session_info. Loading data...
_api           INFO 	Fetching session info data...
req            INFO 	Data has been written to cache!
req            INFO 	No cached data found for driver_info. Loading data...
_api           INFO 	Fetching driver list...
req            INFO 	Data has been written to cache!
req            INFO 	No cached data found for session_status_data. Loading data...
_api           INFO 	Fetching session status data...
req            INFO 	Data has been written to cache!
req            INFO 	No cached data found for lap_count. Loading data...
_api           INFO 	Fetching lap count data...
req            INFO 	Data has been written to cache!
req            INFO 	No cached data found for track_status_data. Loading data...
_api           INFO 	Fetching track status data...
req            INFO 	Data has been written to cache!
req            INFO 	No cached data found for _extended_timing_data. Loading data...
_api           INFO 	Fetching timing data...
_api           INFO 	Parsing timing data...
req            INFO 	Data has been written to cache!
req            INFO 	No cached data found for timing_app_data. Loading data...
_api           INFO 	Fetching timing app data...
req            INFO 	Data has been written to cache!
core           INFO 	Processing timing data...
core        WARNING 	No lap data for driver 23
core        WARNING 	Failed to perform lap accuracy check - all laps marked as inaccurate (driver 23)
req            INFO 	No cached data found for car_data. Loading data...
_api           INFO 	Fetching car data...
_api           INFO 	Parsing car data...
req            INFO 	Data has been written to cache!
req            INFO 	No cached data found for position_data. Loading data...
_api           INFO 	Fetching position data...
_api           INFO 	Parsing position data...
_api        WARNING 	Driver 241: Position data is incomplete!
_api        WARNING 	Driver 242: Position data is incomplete!
_api        WARNING 	Driver 243: Position data is incomplete!
req            INFO 	Data has been written to cache!
req            INFO 	No cached data found for weather_data. Loading data...
_api           INFO 	Fetching weather data...
req            INFO 	Data has been written to cache!
req            INFO 	No cached data found for race_control_messages. Loading data...
_api           INFO 	Fetching race control messages...
req            INFO 	Data has been written to cache!
core           INFO 	Finished loading data for 20 drivers: ['1', '31', '10', '63', '16', '4', '22', '81', '30', '44', '11', '50', '77', '14', '24', '55', '43', '23', '18', '27']
   ‚úì Fetched 11464 laps from 2024 S√£o Paulo Grand Prix
‚úì (11464 laps)

üèÅ Hungarian Grand Prix
   [22/30] Fetching 2018... core           INFO 	Loading data for Hungarian Grand Prix - Race [v3.6.1]
req            INFO 	No cached data found for session_info. Loading data...
_api           INFO 	Fetching session info data...
req            INFO 	Data has been written to cache!
req            INFO 	No cached data found for driver_info. Loading data...
_api           INFO 	Fetching driver list...
req            INFO 	Data has been written to cache!
req            INFO 	No cached data found for session_status_data. Loading data...
_api           INFO 	Fetching session status data...
req            INFO 	Data has been written to cache!
req            INFO 	No cached data found for lap_count. Loading data...
_api           INFO 	Fetching lap count data...
req            INFO 	Data has been written to cache!
req            INFO 	No cached data found for track_status_data. Loading data...
_api           INFO 	Fetching track status data...
req            INFO 	Data has been written to cache!
req            INFO 	No cached data found for _extended_timing_data. Loading data...
_api           INFO 	Fetching timing data...
_api           INFO 	Parsing timing data...
req            INFO 	Data has been written to cache!
req            INFO 	No cached data found for timing_app_data. Loading data...
_api           INFO 	Fetching timing app data...
req            INFO 	Data has been written to cache!
core           INFO 	Processing timing data...
req            INFO 	No cached data found for car_data. Loading data...
_api           INFO 	Fetching car data...
_api           INFO 	Parsing car data...
req            INFO 	Data has been written to cache!
req            INFO 	No cached data found for position_data. Loading data...
_api           INFO 	Fetching position data...
_api           INFO 	Parsing position data...
req            INFO 	Data has been written to cache!
req            INFO 	No cached data found for weather_data. Loading data...
_api           INFO 	Fetching weather data...
req            INFO 	Data has been written to cache!
req            INFO 	No cached data found for race_control_messages. Loading data...
_api           INFO 	Fetching race control messages...
req            INFO 	Data has been written to cache!
core        WARNING 	Driver 44 completed the race distance 00:00.112000 before the recorded end of the session.
core           INFO 	Finished loading data for 20 drivers: ['44', '5', '7', '3', '77', '10', '20', '14', '55', '8', '28', '27', '31', '11', '9', '35', '18', '2', '33', '16']
   ‚úì Fetched 14254 laps from 2018 Hungarian Grand Prix
‚úì (14254 laps)
   [23/30] Fetching 2022... core           INFO 	Loading data for Hungarian Grand Prix - Race [v3.6.1]
req            INFO 	No cached data found for session_info. Loading data...
_api           INFO 	Fetching session info data...
req            INFO 	Data has been written to cache!
req            INFO 	No cached data found for driver_info. Loading data...
_api           INFO 	Fetching driver list...
req            INFO 	Data has been written to cache!
req            INFO 	No cached data found for session_status_data. Loading data...
_api           INFO 	Fetching session status data...
req            INFO 	Data has been written to cache!
req            INFO 	No cached data found for lap_count. Loading data...
_api           INFO 	Fetching lap count data...
req            INFO 	Data has been written to cache!
req            INFO 	No cached data found for track_status_data. Loading data...
_api           INFO 	Fetching track status data...
req            INFO 	Data has been written to cache!
req            INFO 	No cached data found for _extended_timing_data. Loading data...
_api           INFO 	Fetching timing data...
_api           INFO 	Parsing timing data...
req            INFO 	Data has been written to cache!
req            INFO 	No cached data found for timing_app_data. Loading data...
_api           INFO 	Fetching timing app data...
req            INFO 	Data has been written to cache!
core           INFO 	Processing timing data...
req            INFO 	No cached data found for car_data. Loading data...
_api           INFO 	Fetching car data...
_api           INFO 	Parsing car data...
req            INFO 	Data has been written to cache!
req            INFO 	No cached data found for position_data. Loading data...
_api           INFO 	Fetching position data...
_api           INFO 	Parsing position data...
req            INFO 	Data has been written to cache!
req            INFO 	No cached data found for weather_data. Loading data...
_api           INFO 	Fetching weather data...
req            INFO 	Data has been written to cache!
req            INFO 	No cached data found for race_control_messages. Loading data...
_api           INFO 	Fetching race control messages...
req            INFO 	Data has been written to cache!
core           INFO 	Finished loading data for 20 drivers: ['1', '44', '63', '55', '11', '16', '4', '14', '31', '5', '18', '10', '24', '47', '3', '20', '23', '6', '22', '77']
   ‚úì Fetched 21248 laps from 2022 Hungarian Grand Prix
‚úì (21248 laps)
   [24/30] Fetching 2024... core           INFO 	Loading data for Hungarian Grand Prix - Race [v3.6.1]
req            INFO 	No cached data found for session_info. Loading data...
_api           INFO 	Fetching session info data...
req            INFO 	Data has been written to cache!
req            INFO 	No cached data found for driver_info. Loading data...
_api           INFO 	Fetching driver list...
req            INFO 	Data has been written to cache!
req            INFO 	No cached data found for session_status_data. Loading data...
_api           INFO 	Fetching session status data...
req            INFO 	Data has been written to cache!
req            INFO 	No cached data found for lap_count. Loading data...
_api           INFO 	Fetching lap count data...
req            INFO 	Data has been written to cache!
req            INFO 	No cached data found for track_status_data. Loading data...
_api           INFO 	Fetching track status data...
req            INFO 	Data has been written to cache!
req            INFO 	No cached data found for _extended_timing_data. Loading data...
_api           INFO 	Fetching timing data...
_api           INFO 	Parsing timing data...
req            INFO 	Data has been written to cache!
req            INFO 	No cached data found for timing_app_data. Loading data...
_api           INFO 	Fetching timing app data...
req            INFO 	Data has been written to cache!
core           INFO 	Processing timing data...
req            INFO 	No cached data found for car_data. Loading data...
_api           INFO 	Fetching car data...
_api           INFO 	Parsing car data...
req            INFO 	Data has been written to cache!
req            INFO 	No cached data found for position_data. Loading data...
_api           INFO 	Fetching position data...
_api           INFO 	Parsing position data...
req            INFO 	Data has been written to cache!
req            INFO 	No cached data found for weather_data. Loading data...
_api           INFO 	Fetching weather data...
req            INFO 	Data has been written to cache!
req            INFO 	No cached data found for race_control_messages. Loading data...
_api           INFO 	Fetching race control messages...
req            INFO 	Data has been written to cache!
core           INFO 	Finished loading data for 20 drivers: ['81', '4', '44', '16', '1', '55', '11', '63', '22', '18', '14', '3', '27', '23', '20', '77', '2', '31', '24', '10']
   ‚úì Fetched 18962 laps from 2024 Hungarian Grand Prix
‚úì (18962 laps)

üèÅ Monaco Grand Prix
   [25/30] Fetching 2019... core           INFO 	Loading data for Monaco Grand Prix - Race [v3.6.1]
req            INFO 	No cached data found for session_info. Loading data...
_api           INFO 	Fetching session info data...
req            INFO 	Data has been written to cache!
req            INFO 	No cached data found for driver_info. Loading data...
_api           INFO 	Fetching driver list...
req            INFO 	Data has been written to cache!
req            INFO 	No cached data found for session_status_data. Loading data...
_api           INFO 	Fetching session status data...
req            INFO 	Data has been written to cache!
req            INFO 	No cached data found for lap_count. Loading data...
_api           INFO 	Fetching lap count data...
req            INFO 	Data has been written to cache!
req            INFO 	No cached data found for track_status_data. Loading data...
_api           INFO 	Fetching track status data...
req            INFO 	Data has been written to cache!
req            INFO 	No cached data found for _extended_timing_data. Loading data...
_api           INFO 	Fetching timing data...
_api           INFO 	Parsing timing data...
req            INFO 	Data has been written to cache!
req            INFO 	No cached data found for timing_app_data. Loading data...
_api           INFO 	Fetching timing app data...
req            INFO 	Data has been written to cache!
core           INFO 	Processing timing data...
req            INFO 	No cached data found for car_data. Loading data...
_api           INFO 	Fetching car data...
_api           INFO 	Parsing car data...
req            INFO 	Data has been written to cache!
req            INFO 	No cached data found for position_data. Loading data...
_api           INFO 	Fetching position data...
_api           INFO 	Parsing position data...
req            INFO 	Data has been written to cache!
req            INFO 	No cached data found for weather_data. Loading data...
_api           INFO 	Fetching weather data...
req            INFO 	Data has been written to cache!
req            INFO 	No cached data found for race_control_messages. Loading data...
_api           INFO 	Fetching race control messages...
req            INFO 	Data has been written to cache!
core        WARNING 	Driver 44 completed the race distance 00:00.087000 before the recorded end of the session.
core           INFO 	Finished loading data for 20 drivers: ['44', '5', '77', '33', '10', '55', '26', '23', '3', '8', '4', '11', '27', '20', '63', '18', '7', '88', '99', '16']
   ‚úì Fetched 15574 laps from 2019 Monaco Grand Prix
‚úì (15574 laps)
   [26/30] Fetching 2022... core           INFO 	Loading data for Monaco Grand Prix - Race [v3.6.1]
req            INFO 	No cached data found for session_info. Loading data...
_api           INFO 	Fetching session info data...
req            INFO 	Data has been written to cache!
req            INFO 	No cached data found for driver_info. Loading data...
_api           INFO 	Fetching driver list...
req            INFO 	Data has been written to cache!
req            INFO 	No cached data found for session_status_data. Loading data...
_api           INFO 	Fetching session status data...
req            INFO 	Data has been written to cache!
req            INFO 	No cached data found for lap_count. Loading data...
_api           INFO 	Fetching lap count data...
req            INFO 	Data has been written to cache!
req            INFO 	No cached data found for track_status_data. Loading data...
_api           INFO 	Fetching track status data...
req            INFO 	Data has been written to cache!
req            INFO 	No cached data found for _extended_timing_data. Loading data...
_api           INFO 	Fetching timing data...
_api           INFO 	Parsing timing data...
req            INFO 	Data has been written to cache!
req            INFO 	No cached data found for timing_app_data. Loading data...
_api           INFO 	Fetching timing app data...
req            INFO 	Data has been written to cache!
core           INFO 	Processing timing data...
core        WARNING 	Fixed incorrect tyre stint information for driver '11'
core        WARNING 	Fixed incorrect tyre stint information for driver '55'
core        WARNING 	Fixed incorrect tyre stint information for driver '1'
core        WARNING 	Fixed incorrect tyre stint information for driver '16'
core        WARNING 	Fixed incorrect tyre stint information for driver '63'
core        WARNING 	Fixed incorrect tyre stint information for driver '4'
core        WARNING 	Fixed incorrect tyre stint information for driver '14'
core        WARNING 	Fixed incorrect tyre stint information for driver '44'
core        WARNING 	Fixed incorrect tyre stint information for driver '77'
core        WARNING 	Fixed incorrect tyre stint information for driver '5'
core        WARNING 	Fixed incorrect tyre stint information for driver '10'
core        WARNING 	Fixed incorrect tyre stint information for driver '31'
core        WARNING 	Fixed incorrect tyre stint information for driver '3'
core        WARNING 	Fixed incorrect tyre stint information for driver '18'
core        WARNING 	Fixed incorrect tyre stint information for driver '6'
core        WARNING 	Fixed incorrect tyre stint information for driver '24'
core        WARNING 	Fixed incorrect tyre stint information for driver '22'
core        WARNING 	Fixed incorrect tyre stint information for driver '23'
core        WARNING 	Fixed incorrect tyre stint information for driver '47'
core        WARNING 	Fixed incorrect tyre stint information for driver '20'
req            INFO 	No cached data found for car_data. Loading data...
_api           INFO 	Fetching car data...
_api           INFO 	Parsing car data...
req            INFO 	Data has been written to cache!
req            INFO 	No cached data found for position_data. Loading data...
_api           INFO 	Fetching position data...
_api           INFO 	Parsing position data...
_api        WARNING 	Driver 241: Position data is incomplete!
_api        WARNING 	Driver 242: Position data is incomplete!
_api        WARNING 	Driver 243: Position data is incomplete!
req            INFO 	Data has been written to cache!
req            INFO 	No cached data found for weather_data. Loading data...
_api           INFO 	Fetching weather data...
req            INFO 	Data has been written to cache!
req            INFO 	No cached data found for race_control_messages. Loading data...
_api           INFO 	Fetching race control messages...
req            INFO 	Data has been written to cache!
core           INFO 	Finished loading data for 20 drivers: ['11', '55', '1', '16', '63', '4', '14', '44', '77', '5', '10', '31', '3', '18', '6', '24', '22', '23', '47', '20']
   ‚úì Fetched 6608 laps from 2022 Monaco Grand Prix
‚úì (6608 laps)
   [27/30] Fetching 2023... core           INFO 	Loading data for Monaco Grand Prix - Race [v3.6.1]
req            INFO 	No cached data found for session_info. Loading data...
_api           INFO 	Fetching session info data...
req            INFO 	Data has been written to cache!
req            INFO 	No cached data found for driver_info. Loading data...
_api           INFO 	Fetching driver list...
req            INFO 	Data has been written to cache!
req            INFO 	No cached data found for session_status_data. Loading data...
_api           INFO 	Fetching session status data...
req            INFO 	Data has been written to cache!
req            INFO 	No cached data found for lap_count. Loading data...
_api           INFO 	Fetching lap count data...
req            INFO 	Data has been written to cache!
req            INFO 	No cached data found for track_status_data. Loading data...
_api           INFO 	Fetching track status data...
req            INFO 	Data has been written to cache!
req            INFO 	No cached data found for _extended_timing_data. Loading data...
_api           INFO 	Fetching timing data...
_api           INFO 	Parsing timing data...
req            INFO 	Data has been written to cache!
req            INFO 	No cached data found for timing_app_data. Loading data...
_api           INFO 	Fetching timing app data...
req            INFO 	Data has been written to cache!
core           INFO 	Processing timing data...
req            INFO 	No cached data found for car_data. Loading data...
_api           INFO 	Fetching car data...
_api           INFO 	Parsing car data...
req            INFO 	Data has been written to cache!
req            INFO 	No cached data found for position_data. Loading data...
_api           INFO 	Fetching position data...
_api           INFO 	Parsing position data...
req            INFO 	Data has been written to cache!
req            INFO 	No cached data found for weather_data. Loading data...
_api           INFO 	Fetching weather data...
req            INFO 	Data has been written to cache!
req            INFO 	No cached data found for race_control_messages. Loading data...
_api           INFO 	Fetching race control messages...
req            INFO 	Data has been written to cache!
core           INFO 	Finished loading data for 20 drivers: ['1', '14', '31', '44', '63', '16', '10', '55', '4', '81', '77', '21', '24', '23', '22', '11', '27', '2', '20', '18']
   ‚úì Fetched 18044 laps from 2023 Monaco Grand Prix
‚úì (18044 laps)

üèÅ United States Grand Prix
   [28/30] Fetching 2019... core           INFO 	Loading data for United States Grand Prix - Race [v3.6.1]
req            INFO 	No cached data found for session_info. Loading data...
_api           INFO 	Fetching session info data...
req            INFO 	Data has been written to cache!
req            INFO 	No cached data found for driver_info. Loading data...
_api           INFO 	Fetching driver list...
req            INFO 	Data has been written to cache!
req            INFO 	No cached data found for session_status_data. Loading data...
_api           INFO 	Fetching session status data...
req            INFO 	Data has been written to cache!
req            INFO 	No cached data found for lap_count. Loading data...
_api           INFO 	Fetching lap count data...
req            INFO 	Data has been written to cache!
req            INFO 	No cached data found for track_status_data. Loading data...
_api           INFO 	Fetching track status data...
req            INFO 	Data has been written to cache!
req            INFO 	No cached data found for _extended_timing_data. Loading data...
_api           INFO 	Fetching timing data...
_api           INFO 	Parsing timing data...
req            INFO 	Data has been written to cache!
req            INFO 	No cached data found for timing_app_data. Loading data...
_api           INFO 	Fetching timing app data...
req            INFO 	Data has been written to cache!
core           INFO 	Processing timing data...
req            INFO 	No cached data found for car_data. Loading data...
_api           INFO 	Fetching car data...
_api           INFO 	Parsing car data...
req            INFO 	Data has been written to cache!
req            INFO 	No cached data found for position_data. Loading data...
_api           INFO 	Fetching position data...
_api           INFO 	Parsing position data...
req            INFO 	Data has been written to cache!
req            INFO 	No cached data found for weather_data. Loading data...
_api           INFO 	Fetching weather data...
req            INFO 	Data has been written to cache!
req            INFO 	No cached data found for race_control_messages. Loading data...
_api           INFO 	Fetching race control messages...
req            INFO 	Data has been written to cache!
core        WARNING 	Driver 77 completed the race distance 00:00.080000 before the recorded end of the session.
core           INFO 	Finished loading data for 20 drivers: ['77', '44', '33', '16', '23', '3', '4', '55', '27', '11', '7', '26', '18', '99', '8', '10', '63', '20', '88', '5']
   ‚úì Fetched 9544 laps from 2019 United States Grand Prix
‚úì (9544 laps)
   [29/30] Fetching 2021... core           INFO 	Loading data for United States Grand Prix - Race [v3.6.1]
req            INFO 	No cached data found for session_info. Loading data...
_api           INFO 	Fetching session info data...
req            INFO 	Data has been written to cache!
req            INFO 	No cached data found for driver_info. Loading data...
_api           INFO 	Fetching driver list...
req            INFO 	Data has been written to cache!
req            INFO 	No cached data found for session_status_data. Loading data...
_api           INFO 	Fetching session status data...
req            INFO 	Data has been written to cache!
req            INFO 	No cached data found for lap_count. Loading data...
_api           INFO 	Fetching lap count data...
req            INFO 	Data has been written to cache!
req            INFO 	No cached data found for track_status_data. Loading data...
_api           INFO 	Fetching track status data...
req            INFO 	Data has been written to cache!
req            INFO 	No cached data found for _extended_timing_data. Loading data...
_api           INFO 	Fetching timing data...
_api           INFO 	Parsing timing data...
req            INFO 	Data has been written to cache!
req            INFO 	No cached data found for timing_app_data. Loading data...
_api           INFO 	Fetching timing app data...
req            INFO 	Data has been written to cache!
core           INFO 	Processing timing data...
req            INFO 	No cached data found for car_data. Loading data...
_api           INFO 	Fetching car data...
_api           INFO 	Parsing car data...
req            INFO 	Data has been written to cache!
req            INFO 	No cached data found for position_data. Loading data...
_api           INFO 	Fetching position data...
_api           INFO 	Parsing position data...
req            INFO 	Data has been written to cache!
req            INFO 	No cached data found for weather_data. Loading data...
_api           INFO 	Fetching weather data...
req            INFO 	Data has been written to cache!
req            INFO 	No cached data found for race_control_messages. Loading data...
_api           INFO 	Fetching race control messages...
req            INFO 	Data has been written to cache!
core        WARNING 	Driver 33 completed the race distance 00:00.059000 before the recorded end of the session.
core           INFO 	Finished loading data for 20 drivers: ['33', '44', '11', '16', '3', '77', '55', '4', '22', '5', '99', '18', '7', '63', '6', '47', '9', '14', '31', '10']
   ‚úì Fetched 15187 laps from 2021 United States Grand Prix
‚úì (15187 laps)
   [30/30] Fetching 2024... events      WARNING 	Correcting user input 'United States Grand Prix' to 'United States Grand Prix'
core           INFO 	Loading data for United States Grand Prix - Race [v3.6.1]
req            INFO 	No cached data found for session_info. Loading data...
_api           INFO 	Fetching session info data...
req            INFO 	Data has been written to cache!
req            INFO 	No cached data found for driver_info. Loading data...
_api           INFO 	Fetching driver list...
req            INFO 	Data has been written to cache!
req            INFO 	No cached data found for session_status_data. Loading data...
_api           INFO 	Fetching session status data...
req            INFO 	Data has been written to cache!
req            INFO 	No cached data found for lap_count. Loading data...
_api           INFO 	Fetching lap count data...
req            INFO 	Data has been written to cache!
req            INFO 	No cached data found for track_status_data. Loading data...
_api           INFO 	Fetching track status data...
req            INFO 	Data has been written to cache!
req            INFO 	No cached data found for _extended_timing_data. Loading data...
_api           INFO 	Fetching timing data...
_api           INFO 	Parsing timing data...
_api        WARNING 	Failed to align laps for drivers: ['44']
req            INFO 	Data has been written to cache!
req            INFO 	No cached data found for timing_app_data. Loading data...
_api           INFO 	Fetching timing app data...
req            INFO 	Data has been written to cache!
core           INFO 	Processing timing data...
req            INFO 	No cached data found for car_data. Loading data...
_api           INFO 	Fetching car data...
_api           INFO 	Parsing car data...
_api        WARNING 	Driver  2: Car data is incomplete!
_api        WARNING 	Driver  3: Car data is incomplete!
_api        WARNING 	Driver 30: Car data is incomplete!
_api        WARNING 	Driver 43: Car data is incomplete!
req            INFO 	Data has been written to cache!
req            INFO 	No cached data found for position_data. Loading data...
_api           INFO 	Fetching position data...
_api           INFO 	Parsing position data...
_api        WARNING 	Driver  2: Position data is incomplete!
_api        WARNING 	Driver  3: Position data is incomplete!
_api        WARNING 	Driver 30: Position data is incomplete!
_api        WARNING 	Driver 43: Position data is incomplete!
_api        WARNING 	Driver 241: Position data is incomplete!
_api        WARNING 	Driver 242: Position data is incomplete!
_api        WARNING 	Driver 243: Position data is incomplete!
req            INFO 	Data has been written to cache!
req            INFO 	No cached data found for weather_data. Loading data...
_api           INFO 	Fetching weather data...
req            INFO 	Data has been written to cache!
req            INFO 	No cached data found for race_control_messages. Loading data...
_api           INFO 	Fetching race control messages...
req            INFO 	Data has been written to cache!
core           INFO 	Finished loading data for 20 drivers: ['16', '55', '1', '4', '81', '63', '11', '27', '30', '43', '20', '10', '14', '22', '18', '23', '77', '31', '24', '44']
   ‚úì Fetched 17496 laps from 2024 United States Grand Prix
‚úì (17496 laps)

‚úì Phase 2 complete: 30 sessions fetched



================================================================================
COMBINING DATA
================================================================================

‚úì Total laps collected: 795,909
‚úì Years covered: [np.int64(2018), np.int64(2019), np.int64(2020), np.int64(2021), np.int64(2022), np.int64(2023), np.int64(2024)]
‚úì Circuits: 15

üìä Breakdown by circuit type:
circuit_type
additional    430191
high_fuel     365718
dtype: int64

üìä Breakdown by year:
year
2018    114082
2019    123135
2020     33820
2021     63216
2022    122421
2023    154481
2024    184754
dtype: int64

üìä Breakdown by circuit:
   montreal       : 87,687 laps
   barcelona      : 75,095 laps
   singapore      : 73,535 laps
   bahrain        : 70,254 laps
   suzuka         : 59,147 laps
   austria        : 56,352 laps
   hungary        : 54,464 laps
   abu-dhabi      : 43,663 laps
   monza          : 42,228 laps
   austin         : 42,227 laps
   brazil         : 42,209 laps
   mexico         : 41,890 laps
   monaco         : 40,226 laps
   silverstone    : 35,287 laps
   spa            : 31,645 laps

================================================================================
CREATING TRAIN/TEST SPLIT
================================================================================

   singapore      : 62,504 train, 11,031 test
   barcelona      : 63,830 train, 11,265 test
   bahrain        : 59,715 train, 10,539 test
   montreal       : 74,533 train, 13,154 test
   suzuka         : 50,274 train, 8,873 test
   austria        : 47,899 train, 8,453 test
   silverstone    : 29,993 train, 5,294 test
   monza          : 35,893 train, 6,335 test
   spa            : 26,898 train, 4,747 test
   abu-dhabi      : 37,113 train, 6,550 test
   mexico         : 35,606 train, 6,284 test
   brazil         : 35,877 train, 6,332 test
   hungary        : 46,294 train, 8,170 test
   monaco         : 34,192 train, 6,034 test
   austin         : 35,892 train, 6,335 test

‚úì Training set: 676,513 laps (85.0%)
‚úì Test set: 119,396 laps (15.0%)

================================================================================
SAVING DATA
================================================================================

‚úì Training data saved: data/train_highfuel_expanded.csv
   ‚Üí 676,513 laps

‚úì Test data saved: data/test_highfuel_expanded.csv
   ‚Üí 119,396 laps

================================================================================
FINAL STATISTICS
================================================================================

üèÜ Training Data Coverage:
   Years: [np.int64(2018), np.int64(2019), np.int64(2020), np.int64(2021), np.int64(2022), np.int64(2023), np.int64(2024)]
   Circuits: 15 unique
   High-fuel circuits: 5
   Additional circuits: 10

üìà Year distribution in training data:
   2018: 96,943 laps (14.3%)
   2019: 104,591 laps (15.5%)
   2020: 28,660 laps (4.2%)
   2021: 53,782 laps (7.9%)
   2022: 104,041 laps (15.4%)
   2023: 131,225 laps (19.4%)
   2024: 157,271 laps (23.2%)

‚úÖ Data fetching complete!

Next steps:
   1. Run: python scripts/train_improved_model.py
      (Update the script to use train_highfuel_expanded.csv)
   2. Compare model performance with expanded data

